2020-10-17T00:15:16.2544178-05:00 [INF] (Emporos.API.Pharmacy.Program) Starting web host
2020-10-17T00:15:16.4820360-05:00 [INF] (HealthChecks.UI.Core.HostedService.UIInitializationHostedService) Initializing UI Database
2020-10-17T00:15:17.7305729-05:00 [INF] (HealthChecks.UI.Core.HostedService.UIInitializationHostedService) Saving healthchecks configuration to database
2020-10-17T00:16:03.8588830-05:00 [INF] (Emporos.API.Pharmacy.Program) Starting web host
2020-10-17T00:16:04.0121055-05:00 [INF] (HealthChecks.UI.Core.HostedService.UIInitializationHostedService) Initializing UI Database
2020-10-17T00:16:04.8369111-05:00 [INF] (HealthChecks.UI.Core.HostedService.UIInitializationHostedService) Saving healthchecks configuration to database
2020-10-17T00:19:59.2192130-05:00 [INF] (Emporos.API.Pharmacy.Program) Starting web host
2020-10-17T00:19:59.3525419-05:00 [INF] (HealthChecks.UI.Core.HostedService.UIInitializationHostedService) Initializing UI Database
2020-10-17T00:20:00.1705295-05:00 [INF] (HealthChecks.UI.Core.HostedService.UIInitializationHostedService) Saving healthchecks configuration to database
2020-10-17T00:26:05.9422010-05:00 [INF] (Emporos.API.Pharmacy.Program) Starting web host
2020-10-17T00:26:06.0918070-05:00 [INF] (HealthChecks.UI.Core.HostedService.UIInitializationHostedService) Initializing UI Database
2020-10-17T00:26:06.9174978-05:00 [INF] (HealthChecks.UI.Core.HostedService.UIInitializationHostedService) Saving healthchecks configuration to database
2020-10-17T00:26:16.3355815-05:00 [ERR] (Hellang.Middleware.ProblemDetails.ProblemDetailsMiddleware) An unhandled exception has occurred while executing the request.
System.Exception: Record with Id: 5 does not exist.
   at Emporos.API.Pharmacy.Controllers.V1.PharmacyInventoryController.Delete(Int64 id) in C:\Users\EDIAZR\source\repos\EmporosCodeTest\Emporos.API.Pharmacy\Controllers\V1\PharmacyInventoryController.cs:line 162
   at lambda_method(Closure , Object )
   at Microsoft.Extensions.Internal.ObjectMethodExecutorAwaitable.Awaiter.GetResult()
   at Microsoft.AspNetCore.Mvc.Infrastructure.ActionMethodExecutor.AwaitableObjectResultExecutor.Execute(IActionResultTypeMapper mapper, ObjectMethodExecutor executor, Object controller, Object[] arguments)
   at Microsoft.AspNetCore.Mvc.Infrastructure.ControllerActionInvoker.<InvokeActionMethodAsync>g__Logged|12_1(ControllerActionInvoker invoker)
   at Microsoft.AspNetCore.Mvc.Infrastructure.ControllerActionInvoker.<InvokeNextActionFilterAsync>g__Awaited|10_0(ControllerActionInvoker invoker, Task lastTask, State next, Scope scope, Object state, Boolean isCompleted)
   at Microsoft.AspNetCore.Mvc.Infrastructure.ControllerActionInvoker.Rethrow(ActionExecutedContextSealed context)
   at Microsoft.AspNetCore.Mvc.Infrastructure.ControllerActionInvoker.Next(State& next, Scope& scope, Object& state, Boolean& isCompleted)
   at Microsoft.AspNetCore.Mvc.Infrastructure.ControllerActionInvoker.<InvokeInnerFilterAsync>g__Awaited|13_0(ControllerActionInvoker invoker, Task lastTask, State next, Scope scope, Object state, Boolean isCompleted)
   at Microsoft.AspNetCore.Mvc.Infrastructure.ResourceInvoker.<InvokeFilterPipelineAsync>g__Awaited|19_0(ResourceInvoker invoker, Task lastTask, State next, Scope scope, Object state, Boolean isCompleted)
   at Microsoft.AspNetCore.Mvc.Infrastructure.ResourceInvoker.<InvokeAsync>g__Logged|17_1(ResourceInvoker invoker)
   at Microsoft.AspNetCore.Routing.EndpointMiddleware.<Invoke>g__AwaitRequestTask|6_0(Endpoint endpoint, Task requestTask, ILogger logger)
   at Hellang.Middleware.ProblemDetails.ProblemDetailsMiddleware.Invoke(HttpContext context)
2020-10-17T00:29:16.4691571-05:00 [INF] (Emporos.API.Pharmacy.Program) Starting web host
2020-10-17T00:29:17.5999931-05:00 [INF] (HealthChecks.UI.Core.HostedService.UIInitializationHostedService) Initializing UI Database
2020-10-17T00:29:18.5677736-05:00 [INF] (HealthChecks.UI.Core.HostedService.UIInitializationHostedService) Saving healthchecks configuration to database
2020-10-17T00:30:44.5212911-05:00 [ERR] (Hellang.Middleware.ProblemDetails.ProblemDetailsMiddleware) An unhandled exception has occurred while executing the request.
System.Exception: Record with Id: 5 does not exist.
   at Emporos.API.Pharmacy.Controllers.V1.PharmacyInventoryController.Delete(Int64 id) in C:\Users\EDIAZR\source\repos\EmporosCodeTest\Emporos.API.Pharmacy\Controllers\V1\PharmacyInventoryController.cs:line 162
   at lambda_method(Closure , Object )
   at Microsoft.Extensions.Internal.ObjectMethodExecutorAwaitable.Awaiter.GetResult()
   at Microsoft.AspNetCore.Mvc.Infrastructure.ActionMethodExecutor.AwaitableObjectResultExecutor.Execute(IActionResultTypeMapper mapper, ObjectMethodExecutor executor, Object controller, Object[] arguments)
   at Microsoft.AspNetCore.Mvc.Infrastructure.ControllerActionInvoker.<InvokeActionMethodAsync>g__Logged|12_1(ControllerActionInvoker invoker)
   at Microsoft.AspNetCore.Mvc.Infrastructure.ControllerActionInvoker.<InvokeNextActionFilterAsync>g__Awaited|10_0(ControllerActionInvoker invoker, Task lastTask, State next, Scope scope, Object state, Boolean isCompleted)
   at Microsoft.AspNetCore.Mvc.Infrastructure.ControllerActionInvoker.Rethrow(ActionExecutedContextSealed context)
   at Microsoft.AspNetCore.Mvc.Infrastructure.ControllerActionInvoker.Next(State& next, Scope& scope, Object& state, Boolean& isCompleted)
   at Microsoft.AspNetCore.Mvc.Infrastructure.ControllerActionInvoker.<InvokeInnerFilterAsync>g__Awaited|13_0(ControllerActionInvoker invoker, Task lastTask, State next, Scope scope, Object state, Boolean isCompleted)
   at Microsoft.AspNetCore.Mvc.Infrastructure.ResourceInvoker.<InvokeFilterPipelineAsync>g__Awaited|19_0(ResourceInvoker invoker, Task lastTask, State next, Scope scope, Object state, Boolean isCompleted)
   at Microsoft.AspNetCore.Mvc.Infrastructure.ResourceInvoker.<InvokeAsync>g__Logged|17_1(ResourceInvoker invoker)
   at Microsoft.AspNetCore.Routing.EndpointMiddleware.<Invoke>g__AwaitRequestTask|6_0(Endpoint endpoint, Task requestTask, ILogger logger)
   at Hellang.Middleware.ProblemDetails.ProblemDetailsMiddleware.Invoke(HttpContext context)
2020-10-17T00:32:41.0496377-05:00 [INF] (Emporos.API.Pharmacy.Program) Starting web host
2020-10-17T00:32:41.3162023-05:00 [INF] (HealthChecks.UI.Core.HostedService.UIInitializationHostedService) Initializing UI Database
2020-10-17T00:32:42.3988350-05:00 [INF] (HealthChecks.UI.Core.HostedService.UIInitializationHostedService) Saving healthchecks configuration to database
2020-10-17T00:32:58.0158290-05:00 [ERR] (Hellang.Middleware.ProblemDetails.ProblemDetailsMiddleware) An unhandled exception has occurred while executing the request.
System.Exception: Record with Id: 5 does not exist.
   at Emporos.API.Pharmacy.Controllers.V1.PharmacyInventoryController.Delete(Int64 id) in C:\Users\EDIAZR\source\repos\EmporosCodeTest\Emporos.API.Pharmacy\Controllers\V1\PharmacyInventoryController.cs:line 162
   at lambda_method(Closure , Object )
   at Microsoft.Extensions.Internal.ObjectMethodExecutorAwaitable.Awaiter.GetResult()
   at Microsoft.AspNetCore.Mvc.Infrastructure.ActionMethodExecutor.AwaitableObjectResultExecutor.Execute(IActionResultTypeMapper mapper, ObjectMethodExecutor executor, Object controller, Object[] arguments)
   at Microsoft.AspNetCore.Mvc.Infrastructure.ControllerActionInvoker.<InvokeActionMethodAsync>g__Logged|12_1(ControllerActionInvoker invoker)
   at Microsoft.AspNetCore.Mvc.Infrastructure.ControllerActionInvoker.<InvokeNextActionFilterAsync>g__Awaited|10_0(ControllerActionInvoker invoker, Task lastTask, State next, Scope scope, Object state, Boolean isCompleted)
   at Microsoft.AspNetCore.Mvc.Infrastructure.ControllerActionInvoker.Rethrow(ActionExecutedContextSealed context)
   at Microsoft.AspNetCore.Mvc.Infrastructure.ControllerActionInvoker.Next(State& next, Scope& scope, Object& state, Boolean& isCompleted)
   at Microsoft.AspNetCore.Mvc.Infrastructure.ControllerActionInvoker.<InvokeInnerFilterAsync>g__Awaited|13_0(ControllerActionInvoker invoker, Task lastTask, State next, Scope scope, Object state, Boolean isCompleted)
   at Microsoft.AspNetCore.Mvc.Infrastructure.ResourceInvoker.<InvokeFilterPipelineAsync>g__Awaited|19_0(ResourceInvoker invoker, Task lastTask, State next, Scope scope, Object state, Boolean isCompleted)
   at Microsoft.AspNetCore.Mvc.Infrastructure.ResourceInvoker.<InvokeAsync>g__Logged|17_1(ResourceInvoker invoker)
   at Microsoft.AspNetCore.Routing.EndpointMiddleware.<Invoke>g__AwaitRequestTask|6_0(Endpoint endpoint, Task requestTask, ILogger logger)
   at Hellang.Middleware.ProblemDetails.ProblemDetailsMiddleware.Invoke(HttpContext context)
2020-10-17T00:33:34.1229766-05:00 [INF] (Emporos.API.Pharmacy.Program) Starting web host
2020-10-17T00:33:34.2655494-05:00 [INF] (HealthChecks.UI.Core.HostedService.UIInitializationHostedService) Initializing UI Database
2020-10-17T00:33:35.2239117-05:00 [INF] (HealthChecks.UI.Core.HostedService.UIInitializationHostedService) Saving healthchecks configuration to database
2020-10-17T00:33:35.8453384-05:00 [WRN] (Microsoft.AspNetCore.Server.Kestrel) Unable to bind to "http://localhost:5002" on the "IPv4 loopback" interface: '"An attempt was made to access a socket in a way forbidden by its access permissions."'.
2020-10-17T00:33:45.1725398-05:00 [ERR] (Hellang.Middleware.ProblemDetails.ProblemDetailsMiddleware) An unhandled exception has occurred while executing the request.
Emporos.API.Pharmacy.Common.Exceptions.HttpStatusException: Record with Id: 5 does not exist.
   at Emporos.API.Pharmacy.Controllers.V1.PharmacyInventoryController.Delete(Int64 id) in C:\Users\EDIAZR\source\repos\EmporosCodeTest\Emporos.API.Pharmacy\Controllers\V1\PharmacyInventoryController.cs:line 162
   at lambda_method(Closure , Object )
   at Microsoft.Extensions.Internal.ObjectMethodExecutorAwaitable.Awaiter.GetResult()
   at Microsoft.AspNetCore.Mvc.Infrastructure.ActionMethodExecutor.AwaitableObjectResultExecutor.Execute(IActionResultTypeMapper mapper, ObjectMethodExecutor executor, Object controller, Object[] arguments)
   at Microsoft.AspNetCore.Mvc.Infrastructure.ControllerActionInvoker.<InvokeActionMethodAsync>g__Logged|12_1(ControllerActionInvoker invoker)
   at Microsoft.AspNetCore.Mvc.Infrastructure.ControllerActionInvoker.<InvokeNextActionFilterAsync>g__Awaited|10_0(ControllerActionInvoker invoker, Task lastTask, State next, Scope scope, Object state, Boolean isCompleted)
   at Microsoft.AspNetCore.Mvc.Infrastructure.ControllerActionInvoker.Rethrow(ActionExecutedContextSealed context)
   at Microsoft.AspNetCore.Mvc.Infrastructure.ControllerActionInvoker.Next(State& next, Scope& scope, Object& state, Boolean& isCompleted)
   at Microsoft.AspNetCore.Mvc.Infrastructure.ControllerActionInvoker.<InvokeInnerFilterAsync>g__Awaited|13_0(ControllerActionInvoker invoker, Task lastTask, State next, Scope scope, Object state, Boolean isCompleted)
   at Microsoft.AspNetCore.Mvc.Infrastructure.ResourceInvoker.<InvokeFilterPipelineAsync>g__Awaited|19_0(ResourceInvoker invoker, Task lastTask, State next, Scope scope, Object state, Boolean isCompleted)
   at Microsoft.AspNetCore.Mvc.Infrastructure.ResourceInvoker.<InvokeAsync>g__Logged|17_1(ResourceInvoker invoker)
   at Microsoft.AspNetCore.Routing.EndpointMiddleware.<Invoke>g__AwaitRequestTask|6_0(Endpoint endpoint, Task requestTask, ILogger logger)
   at Hellang.Middleware.ProblemDetails.ProblemDetailsMiddleware.Invoke(HttpContext context)
2020-10-17T00:43:52.0440085-05:00 [INF] (Emporos.API.Pharmacy.Program) Starting web host
2020-10-17T00:43:52.1828648-05:00 [INF] (HealthChecks.UI.Core.HostedService.UIInitializationHostedService) Initializing UI Database
2020-10-17T00:43:53.2357346-05:00 [INF] (HealthChecks.UI.Core.HostedService.UIInitializationHostedService) Saving healthchecks configuration to database
2020-10-17T00:44:04.7708780-05:00 [ERR] (Hellang.Middleware.ProblemDetails.ProblemDetailsMiddleware) An unhandled exception has occurred while executing the request.
Emporos.API.Pharmacy.Common.Exceptions.HttpStatusException: Record with Id: 5 does not exist.
   at Emporos.API.Pharmacy.Controllers.V1.PharmacyInventoryController.Delete(Int64 id) in C:\Users\EDIAZR\source\repos\EmporosCodeTest\Emporos.API.Pharmacy\Controllers\V1\PharmacyInventoryController.cs:line 166
   at lambda_method(Closure , Object )
   at Microsoft.Extensions.Internal.ObjectMethodExecutorAwaitable.Awaiter.GetResult()
   at Microsoft.AspNetCore.Mvc.Infrastructure.ActionMethodExecutor.AwaitableObjectResultExecutor.Execute(IActionResultTypeMapper mapper, ObjectMethodExecutor executor, Object controller, Object[] arguments)
   at Microsoft.AspNetCore.Mvc.Infrastructure.ControllerActionInvoker.<InvokeActionMethodAsync>g__Logged|12_1(ControllerActionInvoker invoker)
   at Microsoft.AspNetCore.Mvc.Infrastructure.ControllerActionInvoker.<InvokeNextActionFilterAsync>g__Awaited|10_0(ControllerActionInvoker invoker, Task lastTask, State next, Scope scope, Object state, Boolean isCompleted)
   at Microsoft.AspNetCore.Mvc.Infrastructure.ControllerActionInvoker.Rethrow(ActionExecutedContextSealed context)
   at Microsoft.AspNetCore.Mvc.Infrastructure.ControllerActionInvoker.Next(State& next, Scope& scope, Object& state, Boolean& isCompleted)
   at Microsoft.AspNetCore.Mvc.Infrastructure.ControllerActionInvoker.<InvokeInnerFilterAsync>g__Awaited|13_0(ControllerActionInvoker invoker, Task lastTask, State next, Scope scope, Object state, Boolean isCompleted)
   at Microsoft.AspNetCore.Mvc.Infrastructure.ResourceInvoker.<InvokeFilterPipelineAsync>g__Awaited|19_0(ResourceInvoker invoker, Task lastTask, State next, Scope scope, Object state, Boolean isCompleted)
   at Microsoft.AspNetCore.Mvc.Infrastructure.ResourceInvoker.<InvokeAsync>g__Logged|17_1(ResourceInvoker invoker)
   at Microsoft.AspNetCore.Routing.EndpointMiddleware.<Invoke>g__AwaitRequestTask|6_0(Endpoint endpoint, Task requestTask, ILogger logger)
   at Hellang.Middleware.ProblemDetails.ProblemDetailsMiddleware.Invoke(HttpContext context)
2020-10-17T01:01:04.8340630-05:00 [INF] (Emporos.API.Pharmacy.Program) Starting web host
2020-10-17T01:01:04.9916125-05:00 [INF] (HealthChecks.UI.Core.HostedService.UIInitializationHostedService) Initializing UI Database
2020-10-17T01:01:06.1229599-05:00 [INF] (HealthChecks.UI.Core.HostedService.UIInitializationHostedService) Saving healthchecks configuration to database
2020-10-17T01:01:24.3411798-05:00 [ERR] (Hellang.Middleware.ProblemDetails.ProblemDetailsMiddleware) An unhandled exception has occurred while executing the request.
Emporos.API.Pharmacy.Common.Exceptions.HttpStatusCodeException: Record with Id: 5 does not exist.
   at Emporos.API.Pharmacy.Controllers.V1.PharmacyInventoryController.Delete(Int64 id) in C:\Users\EDIAZR\source\repos\EmporosCodeTest\Emporos.API.Pharmacy\Controllers\V1\PharmacyInventoryController.cs:line 162
   at lambda_method(Closure , Object )
   at Microsoft.Extensions.Internal.ObjectMethodExecutorAwaitable.Awaiter.GetResult()
   at Microsoft.AspNetCore.Mvc.Infrastructure.ActionMethodExecutor.AwaitableObjectResultExecutor.Execute(IActionResultTypeMapper mapper, ObjectMethodExecutor executor, Object controller, Object[] arguments)
   at Microsoft.AspNetCore.Mvc.Infrastructure.ControllerActionInvoker.<InvokeActionMethodAsync>g__Logged|12_1(ControllerActionInvoker invoker)
   at Microsoft.AspNetCore.Mvc.Infrastructure.ControllerActionInvoker.<InvokeNextActionFilterAsync>g__Awaited|10_0(ControllerActionInvoker invoker, Task lastTask, State next, Scope scope, Object state, Boolean isCompleted)
   at Microsoft.AspNetCore.Mvc.Infrastructure.ControllerActionInvoker.Rethrow(ActionExecutedContextSealed context)
   at Microsoft.AspNetCore.Mvc.Infrastructure.ControllerActionInvoker.Next(State& next, Scope& scope, Object& state, Boolean& isCompleted)
   at Microsoft.AspNetCore.Mvc.Infrastructure.ControllerActionInvoker.<InvokeInnerFilterAsync>g__Awaited|13_0(ControllerActionInvoker invoker, Task lastTask, State next, Scope scope, Object state, Boolean isCompleted)
   at Microsoft.AspNetCore.Mvc.Infrastructure.ResourceInvoker.<InvokeFilterPipelineAsync>g__Awaited|19_0(ResourceInvoker invoker, Task lastTask, State next, Scope scope, Object state, Boolean isCompleted)
   at Microsoft.AspNetCore.Mvc.Infrastructure.ResourceInvoker.<InvokeAsync>g__Logged|17_1(ResourceInvoker invoker)
   at Microsoft.AspNetCore.Routing.EndpointMiddleware.<Invoke>g__AwaitRequestTask|6_0(Endpoint endpoint, Task requestTask, ILogger logger)
   at Hellang.Middleware.ProblemDetails.ProblemDetailsMiddleware.Invoke(HttpContext context)
2020-10-17T01:01:56.4959269-05:00 [INF] (Emporos.API.Pharmacy.Program) Starting web host
2020-10-17T01:01:56.7177090-05:00 [INF] (HealthChecks.UI.Core.HostedService.UIInitializationHostedService) Initializing UI Database
2020-10-17T01:01:57.7751355-05:00 [INF] (HealthChecks.UI.Core.HostedService.UIInitializationHostedService) Saving healthchecks configuration to database
2020-10-17T01:02:06.4590931-05:00 [ERR] (Hellang.Middleware.ProblemDetails.ProblemDetailsMiddleware) An unhandled exception has occurred while executing the request.
Emporos.API.Pharmacy.Common.Exceptions.HttpStatusCodeException: Record with Id: 5 does not exist.
   at Emporos.API.Pharmacy.Controllers.V1.PharmacyInventoryController.Delete(Int64 id) in C:\Users\EDIAZR\source\repos\EmporosCodeTest\Emporos.API.Pharmacy\Controllers\V1\PharmacyInventoryController.cs:line 169
   at lambda_method(Closure , Object )
   at Microsoft.Extensions.Internal.ObjectMethodExecutorAwaitable.Awaiter.GetResult()
   at Microsoft.AspNetCore.Mvc.Infrastructure.ActionMethodExecutor.AwaitableObjectResultExecutor.Execute(IActionResultTypeMapper mapper, ObjectMethodExecutor executor, Object controller, Object[] arguments)
   at Microsoft.AspNetCore.Mvc.Infrastructure.ControllerActionInvoker.<InvokeActionMethodAsync>g__Logged|12_1(ControllerActionInvoker invoker)
   at Microsoft.AspNetCore.Mvc.Infrastructure.ControllerActionInvoker.<InvokeNextActionFilterAsync>g__Awaited|10_0(ControllerActionInvoker invoker, Task lastTask, State next, Scope scope, Object state, Boolean isCompleted)
   at Microsoft.AspNetCore.Mvc.Infrastructure.ControllerActionInvoker.Rethrow(ActionExecutedContextSealed context)
   at Microsoft.AspNetCore.Mvc.Infrastructure.ControllerActionInvoker.Next(State& next, Scope& scope, Object& state, Boolean& isCompleted)
   at Microsoft.AspNetCore.Mvc.Infrastructure.ControllerActionInvoker.<InvokeInnerFilterAsync>g__Awaited|13_0(ControllerActionInvoker invoker, Task lastTask, State next, Scope scope, Object state, Boolean isCompleted)
   at Microsoft.AspNetCore.Mvc.Infrastructure.ResourceInvoker.<InvokeFilterPipelineAsync>g__Awaited|19_0(ResourceInvoker invoker, Task lastTask, State next, Scope scope, Object state, Boolean isCompleted)
   at Microsoft.AspNetCore.Mvc.Infrastructure.ResourceInvoker.<InvokeAsync>g__Logged|17_1(ResourceInvoker invoker)
   at Microsoft.AspNetCore.Routing.EndpointMiddleware.<Invoke>g__AwaitRequestTask|6_0(Endpoint endpoint, Task requestTask, ILogger logger)
   at Hellang.Middleware.ProblemDetails.ProblemDetailsMiddleware.Invoke(HttpContext context)
2020-10-17T01:06:55.9897123-05:00 [INF] (Emporos.API.Pharmacy.Program) Starting web host
2020-10-17T01:06:56.1473374-05:00 [INF] (HealthChecks.UI.Core.HostedService.UIInitializationHostedService) Initializing UI Database
2020-10-17T01:06:57.1009010-05:00 [INF] (HealthChecks.UI.Core.HostedService.UIInitializationHostedService) Saving healthchecks configuration to database
2020-10-17T01:07:07.3747901-05:00 [ERR] (Hellang.Middleware.ProblemDetails.ProblemDetailsMiddleware) An unhandled exception has occurred while executing the request.
Emporos.API.Pharmacy.Common.Exceptions.HttpStatusCodeException: Record with Id: 5 does not exist.
   at Emporos.API.Pharmacy.Controllers.V1.PharmacyInventoryController.Delete(Int64 id) in C:\Users\EDIAZR\source\repos\EmporosCodeTest\Emporos.API.Pharmacy\Controllers\V1\PharmacyInventoryController.cs:line 162
   at lambda_method(Closure , Object )
   at Microsoft.Extensions.Internal.ObjectMethodExecutorAwaitable.Awaiter.GetResult()
   at Microsoft.AspNetCore.Mvc.Infrastructure.ActionMethodExecutor.AwaitableObjectResultExecutor.Execute(IActionResultTypeMapper mapper, ObjectMethodExecutor executor, Object controller, Object[] arguments)
   at Microsoft.AspNetCore.Mvc.Infrastructure.ControllerActionInvoker.<InvokeActionMethodAsync>g__Logged|12_1(ControllerActionInvoker invoker)
   at Microsoft.AspNetCore.Mvc.Infrastructure.ControllerActionInvoker.<InvokeNextActionFilterAsync>g__Awaited|10_0(ControllerActionInvoker invoker, Task lastTask, State next, Scope scope, Object state, Boolean isCompleted)
   at Microsoft.AspNetCore.Mvc.Infrastructure.ControllerActionInvoker.Rethrow(ActionExecutedContextSealed context)
   at Microsoft.AspNetCore.Mvc.Infrastructure.ControllerActionInvoker.Next(State& next, Scope& scope, Object& state, Boolean& isCompleted)
   at Microsoft.AspNetCore.Mvc.Infrastructure.ControllerActionInvoker.<InvokeInnerFilterAsync>g__Awaited|13_0(ControllerActionInvoker invoker, Task lastTask, State next, Scope scope, Object state, Boolean isCompleted)
   at Microsoft.AspNetCore.Mvc.Infrastructure.ResourceInvoker.<InvokeFilterPipelineAsync>g__Awaited|19_0(ResourceInvoker invoker, Task lastTask, State next, Scope scope, Object state, Boolean isCompleted)
   at Microsoft.AspNetCore.Mvc.Infrastructure.ResourceInvoker.<InvokeAsync>g__Logged|17_1(ResourceInvoker invoker)
   at Microsoft.AspNetCore.Routing.EndpointMiddleware.<Invoke>g__AwaitRequestTask|6_0(Endpoint endpoint, Task requestTask, ILogger logger)
   at Hellang.Middleware.ProblemDetails.ProblemDetailsMiddleware.Invoke(HttpContext context)
2020-10-17T01:07:45.0098913-05:00 [ERR] (Hellang.Middleware.ProblemDetails.ProblemDetailsMiddleware) An unhandled exception has occurred while executing the request.
Emporos.API.Pharmacy.Common.Exceptions.HttpStatusCodeException: Record with Id: 5 does not exist.
   at Emporos.API.Pharmacy.Controllers.V1.PharmacyInventoryController.Delete(Int64 id) in C:\Users\EDIAZR\source\repos\EmporosCodeTest\Emporos.API.Pharmacy\Controllers\V1\PharmacyInventoryController.cs:line 162
   at lambda_method(Closure , Object )
   at Microsoft.Extensions.Internal.ObjectMethodExecutorAwaitable.Awaiter.GetResult()
   at Microsoft.AspNetCore.Mvc.Infrastructure.ActionMethodExecutor.AwaitableObjectResultExecutor.Execute(IActionResultTypeMapper mapper, ObjectMethodExecutor executor, Object controller, Object[] arguments)
   at Microsoft.AspNetCore.Mvc.Infrastructure.ControllerActionInvoker.<InvokeActionMethodAsync>g__Logged|12_1(ControllerActionInvoker invoker)
   at Microsoft.AspNetCore.Mvc.Infrastructure.ControllerActionInvoker.<InvokeNextActionFilterAsync>g__Awaited|10_0(ControllerActionInvoker invoker, Task lastTask, State next, Scope scope, Object state, Boolean isCompleted)
   at Microsoft.AspNetCore.Mvc.Infrastructure.ControllerActionInvoker.Rethrow(ActionExecutedContextSealed context)
   at Microsoft.AspNetCore.Mvc.Infrastructure.ControllerActionInvoker.Next(State& next, Scope& scope, Object& state, Boolean& isCompleted)
   at Microsoft.AspNetCore.Mvc.Infrastructure.ControllerActionInvoker.<InvokeInnerFilterAsync>g__Awaited|13_0(ControllerActionInvoker invoker, Task lastTask, State next, Scope scope, Object state, Boolean isCompleted)
   at Microsoft.AspNetCore.Mvc.Infrastructure.ResourceInvoker.<InvokeFilterPipelineAsync>g__Awaited|19_0(ResourceInvoker invoker, Task lastTask, State next, Scope scope, Object state, Boolean isCompleted)
   at Microsoft.AspNetCore.Mvc.Infrastructure.ResourceInvoker.<InvokeAsync>g__Logged|17_1(ResourceInvoker invoker)
   at Microsoft.AspNetCore.Routing.EndpointMiddleware.<Invoke>g__AwaitRequestTask|6_0(Endpoint endpoint, Task requestTask, ILogger logger)
   at Hellang.Middleware.ProblemDetails.ProblemDetailsMiddleware.Invoke(HttpContext context)
2020-10-17T01:08:21.3525181-05:00 [WRN] (Hellang.Middleware.ProblemDetails.ProblemDetailsMiddleware) The response has already started, the problem details middleware will not be executed.
2020-10-17T01:08:21.5475594-05:00 [ERR] (Microsoft.AspNetCore.Diagnostics.DeveloperExceptionPageMiddleware) An unhandled exception has occurred while executing the request.
System.InvalidOperationException: OnStarting cannot be set because the response has already started.
   at Microsoft.AspNetCore.Server.Kestrel.Core.Internal.Http.HttpProtocol.ThrowResponseAlreadyStartedException(String value)
   at Microsoft.AspNetCore.Server.Kestrel.Core.Internal.Http.HttpProtocol.OnStarting(Func`2 callback, Object state)
   at Microsoft.AspNetCore.Server.Kestrel.Core.Internal.Http.HttpProtocol.Microsoft.AspNetCore.Http.Features.IHttpResponseFeature.OnStarting(Func`2 callback, Object state)
   at Microsoft.AspNetCore.Http.DefaultHttpResponse.OnStarting(Func`2 callback, Object state)
   at Microsoft.AspNetCore.Mvc.ReportApiVersionsAttribute.OnActionExecuting(ActionExecutingContext context)
   at Microsoft.AspNetCore.Mvc.Filters.ActionFilterAttribute.OnActionExecutionAsync(ActionExecutingContext context, ActionExecutionDelegate next)
   at Microsoft.AspNetCore.Mvc.Infrastructure.ControllerActionInvoker.<InvokeNextActionFilterAsync>g__Awaited|10_0(ControllerActionInvoker invoker, Task lastTask, State next, Scope scope, Object state, Boolean isCompleted)
   at Microsoft.AspNetCore.Mvc.Infrastructure.ControllerActionInvoker.Rethrow(ActionExecutedContextSealed context)
   at Microsoft.AspNetCore.Mvc.Infrastructure.ControllerActionInvoker.Next(State& next, Scope& scope, Object& state, Boolean& isCompleted)
   at Microsoft.AspNetCore.Mvc.Infrastructure.ControllerActionInvoker.InvokeInnerFilterAsync()
--- End of stack trace from previous location where exception was thrown ---
   at Microsoft.AspNetCore.Mvc.Infrastructure.ResourceInvoker.<InvokeFilterPipelineAsync>g__Awaited|19_0(ResourceInvoker invoker, Task lastTask, State next, Scope scope, Object state, Boolean isCompleted)
   at Microsoft.AspNetCore.Mvc.Infrastructure.ResourceInvoker.<InvokeAsync>g__Logged|17_1(ResourceInvoker invoker)
   at Microsoft.AspNetCore.Routing.EndpointMiddleware.<Invoke>g__AwaitRequestTask|6_0(Endpoint endpoint, Task requestTask, ILogger logger)
   at Hellang.Middleware.ProblemDetails.ProblemDetailsMiddleware.Invoke(HttpContext context)
   at Hellang.Middleware.ProblemDetails.ProblemDetailsMiddleware.HandleException(HttpContext context, ExceptionDispatchInfo edi)
   at Hellang.Middleware.ProblemDetails.ProblemDetailsMiddleware.Invoke(HttpContext context)
   at Emporos.API.Pharmacy.Common.Handlers.HttpStatusCodeHandler.InvokeAsync(HttpContext context) in C:\Users\EDIAZR\source\repos\EmporosCodeTest\Emporos.API.Pharmacy\Common\Handlers\HttpStatusCodeHandler.cs:line 26
   at Microsoft.AspNetCore.Diagnostics.DeveloperExceptionPageMiddleware.Invoke(HttpContext context)
2020-10-17T01:08:21.5855535-05:00 [WRN] (Microsoft.AspNetCore.Diagnostics.DeveloperExceptionPageMiddleware) The response has already started, the error page middleware will not be executed.
2020-10-17T01:08:21.5960372-05:00 [ERR] (Microsoft.AspNetCore.Server.Kestrel) Connection id ""0HM3ICBDDEFVR"", Request id ""0HM3ICBDDEFVR:00000002"": An unhandled exception was thrown by the application.
System.InvalidOperationException: OnStarting cannot be set because the response has already started.
   at Microsoft.AspNetCore.Server.Kestrel.Core.Internal.Http.HttpProtocol.ThrowResponseAlreadyStartedException(String value)
   at Microsoft.AspNetCore.Server.Kestrel.Core.Internal.Http.HttpProtocol.OnStarting(Func`2 callback, Object state)
   at Microsoft.AspNetCore.Server.Kestrel.Core.Internal.Http.HttpProtocol.Microsoft.AspNetCore.Http.Features.IHttpResponseFeature.OnStarting(Func`2 callback, Object state)
   at Microsoft.AspNetCore.Http.DefaultHttpResponse.OnStarting(Func`2 callback, Object state)
   at Microsoft.AspNetCore.Mvc.ReportApiVersionsAttribute.OnActionExecuting(ActionExecutingContext context)
   at Microsoft.AspNetCore.Mvc.Filters.ActionFilterAttribute.OnActionExecutionAsync(ActionExecutingContext context, ActionExecutionDelegate next)
   at Microsoft.AspNetCore.Mvc.Infrastructure.ControllerActionInvoker.<InvokeNextActionFilterAsync>g__Awaited|10_0(ControllerActionInvoker invoker, Task lastTask, State next, Scope scope, Object state, Boolean isCompleted)
   at Microsoft.AspNetCore.Mvc.Infrastructure.ControllerActionInvoker.Rethrow(ActionExecutedContextSealed context)
   at Microsoft.AspNetCore.Mvc.Infrastructure.ControllerActionInvoker.Next(State& next, Scope& scope, Object& state, Boolean& isCompleted)
   at Microsoft.AspNetCore.Mvc.Infrastructure.ControllerActionInvoker.InvokeInnerFilterAsync()
--- End of stack trace from previous location where exception was thrown ---
   at Microsoft.AspNetCore.Mvc.Infrastructure.ResourceInvoker.<InvokeFilterPipelineAsync>g__Awaited|19_0(ResourceInvoker invoker, Task lastTask, State next, Scope scope, Object state, Boolean isCompleted)
   at Microsoft.AspNetCore.Mvc.Infrastructure.ResourceInvoker.<InvokeAsync>g__Logged|17_1(ResourceInvoker invoker)
   at Microsoft.AspNetCore.Routing.EndpointMiddleware.<Invoke>g__AwaitRequestTask|6_0(Endpoint endpoint, Task requestTask, ILogger logger)
   at Hellang.Middleware.ProblemDetails.ProblemDetailsMiddleware.Invoke(HttpContext context)
   at Hellang.Middleware.ProblemDetails.ProblemDetailsMiddleware.HandleException(HttpContext context, ExceptionDispatchInfo edi)
   at Hellang.Middleware.ProblemDetails.ProblemDetailsMiddleware.Invoke(HttpContext context)
   at Emporos.API.Pharmacy.Common.Handlers.HttpStatusCodeHandler.InvokeAsync(HttpContext context) in C:\Users\EDIAZR\source\repos\EmporosCodeTest\Emporos.API.Pharmacy\Common\Handlers\HttpStatusCodeHandler.cs:line 26
   at Microsoft.AspNetCore.Diagnostics.DeveloperExceptionPageMiddleware.Invoke(HttpContext context)
   at Microsoft.AspNetCore.Diagnostics.DeveloperExceptionPageMiddleware.Invoke(HttpContext context)
   at Microsoft.AspNetCore.Server.Kestrel.Core.Internal.Http.HttpProtocol.ProcessRequests[TContext](IHttpApplication`1 application)
2020-10-17T01:10:10.3326481-05:00 [ERR] (Hellang.Middleware.ProblemDetails.ProblemDetailsMiddleware) An unhandled exception has occurred while executing the request.
Emporos.API.Pharmacy.Common.Exceptions.HttpStatusCodeException: Record with Id: 5 does not exist.
   at Emporos.API.Pharmacy.Controllers.V1.PharmacyInventoryController.Delete(Int64 id) in C:\Users\EDIAZR\source\repos\EmporosCodeTest\Emporos.API.Pharmacy\Controllers\V1\PharmacyInventoryController.cs:line 162
   at lambda_method(Closure , Object )
   at Microsoft.Extensions.Internal.ObjectMethodExecutorAwaitable.Awaiter.GetResult()
   at Microsoft.AspNetCore.Mvc.Infrastructure.ActionMethodExecutor.AwaitableObjectResultExecutor.Execute(IActionResultTypeMapper mapper, ObjectMethodExecutor executor, Object controller, Object[] arguments)
   at Microsoft.AspNetCore.Mvc.Infrastructure.ControllerActionInvoker.<InvokeActionMethodAsync>g__Logged|12_1(ControllerActionInvoker invoker)
   at Microsoft.AspNetCore.Mvc.Infrastructure.ControllerActionInvoker.<InvokeNextActionFilterAsync>g__Awaited|10_0(ControllerActionInvoker invoker, Task lastTask, State next, Scope scope, Object state, Boolean isCompleted)
   at Microsoft.AspNetCore.Mvc.Infrastructure.ControllerActionInvoker.Rethrow(ActionExecutedContextSealed context)
   at Microsoft.AspNetCore.Mvc.Infrastructure.ControllerActionInvoker.Next(State& next, Scope& scope, Object& state, Boolean& isCompleted)
   at Microsoft.AspNetCore.Mvc.Infrastructure.ControllerActionInvoker.<InvokeInnerFilterAsync>g__Awaited|13_0(ControllerActionInvoker invoker, Task lastTask, State next, Scope scope, Object state, Boolean isCompleted)
   at Microsoft.AspNetCore.Mvc.Infrastructure.ResourceInvoker.<InvokeFilterPipelineAsync>g__Awaited|19_0(ResourceInvoker invoker, Task lastTask, State next, Scope scope, Object state, Boolean isCompleted)
   at Microsoft.AspNetCore.Mvc.Infrastructure.ResourceInvoker.<InvokeAsync>g__Logged|17_1(ResourceInvoker invoker)
   at Microsoft.AspNetCore.Routing.EndpointMiddleware.<Invoke>g__AwaitRequestTask|6_0(Endpoint endpoint, Task requestTask, ILogger logger)
   at Hellang.Middleware.ProblemDetails.ProblemDetailsMiddleware.Invoke(HttpContext context)
2020-10-17T01:16:30.7823756-05:00 [INF] (Emporos.API.Pharmacy.Program) Starting web host
2020-10-17T01:16:30.9855120-05:00 [INF] (HealthChecks.UI.Core.HostedService.UIInitializationHostedService) Initializing UI Database
2020-10-17T01:16:32.1015301-05:00 [INF] (HealthChecks.UI.Core.HostedService.UIInitializationHostedService) Saving healthchecks configuration to database
2020-10-17T01:16:40.4888200-05:00 [ERR] (Hellang.Middleware.ProblemDetails.ProblemDetailsMiddleware) An unhandled exception has occurred while executing the request.
System.Exception: https://httpstatuses.com/404 : Record with Id: 5 does not exist.
   at Emporos.API.Pharmacy.Controllers.V1.PharmacyInventoryController.Delete(Int64 id) in C:\Users\EDIAZR\source\repos\EmporosCodeTest\Emporos.API.Pharmacy\Controllers\V1\PharmacyInventoryController.cs:line 156
   at lambda_method(Closure , Object )
   at Microsoft.Extensions.Internal.ObjectMethodExecutorAwaitable.Awaiter.GetResult()
   at Microsoft.AspNetCore.Mvc.Infrastructure.ActionMethodExecutor.AwaitableObjectResultExecutor.Execute(IActionResultTypeMapper mapper, ObjectMethodExecutor executor, Object controller, Object[] arguments)
   at Microsoft.AspNetCore.Mvc.Infrastructure.ControllerActionInvoker.<InvokeActionMethodAsync>g__Logged|12_1(ControllerActionInvoker invoker)
   at Microsoft.AspNetCore.Mvc.Infrastructure.ControllerActionInvoker.<InvokeNextActionFilterAsync>g__Awaited|10_0(ControllerActionInvoker invoker, Task lastTask, State next, Scope scope, Object state, Boolean isCompleted)
   at Microsoft.AspNetCore.Mvc.Infrastructure.ControllerActionInvoker.Rethrow(ActionExecutedContextSealed context)
   at Microsoft.AspNetCore.Mvc.Infrastructure.ControllerActionInvoker.Next(State& next, Scope& scope, Object& state, Boolean& isCompleted)
   at Microsoft.AspNetCore.Mvc.Infrastructure.ControllerActionInvoker.<InvokeInnerFilterAsync>g__Awaited|13_0(ControllerActionInvoker invoker, Task lastTask, State next, Scope scope, Object state, Boolean isCompleted)
   at Microsoft.AspNetCore.Mvc.Infrastructure.ResourceInvoker.<InvokeFilterPipelineAsync>g__Awaited|19_0(ResourceInvoker invoker, Task lastTask, State next, Scope scope, Object state, Boolean isCompleted)
   at Microsoft.AspNetCore.Mvc.Infrastructure.ResourceInvoker.<InvokeAsync>g__Logged|17_1(ResourceInvoker invoker)
   at Microsoft.AspNetCore.Routing.EndpointMiddleware.<Invoke>g__AwaitRequestTask|6_0(Endpoint endpoint, Task requestTask, ILogger logger)
   at Hellang.Middleware.ProblemDetails.ProblemDetailsMiddleware.Invoke(HttpContext context)
2020-10-17T01:20:08.7022290-05:00 [INF] (Emporos.API.Pharmacy.Program) Starting web host
2020-10-17T01:20:08.8495242-05:00 [INF] (HealthChecks.UI.Core.HostedService.UIInitializationHostedService) Initializing UI Database
2020-10-17T01:20:09.7306803-05:00 [INF] (HealthChecks.UI.Core.HostedService.UIInitializationHostedService) Saving healthchecks configuration to database
2020-10-17T01:20:17.1174648-05:00 [ERR] (Hellang.Middleware.ProblemDetails.ProblemDetailsMiddleware) An unhandled exception has occurred while executing the request.
System.Exception: https://httpstatuses.com/404 : Not Found
   at Emporos.API.Pharmacy.Controllers.V1.PharmacyInventoryController.Delete(Int64 id) in C:\Users\EDIAZR\source\repos\EmporosCodeTest\Emporos.API.Pharmacy\Controllers\V1\PharmacyInventoryController.cs:line 164
   at lambda_method(Closure , Object )
   at Microsoft.Extensions.Internal.ObjectMethodExecutorAwaitable.Awaiter.GetResult()
   at Microsoft.AspNetCore.Mvc.Infrastructure.ActionMethodExecutor.AwaitableObjectResultExecutor.Execute(IActionResultTypeMapper mapper, ObjectMethodExecutor executor, Object controller, Object[] arguments)
   at Microsoft.AspNetCore.Mvc.Infrastructure.ControllerActionInvoker.<InvokeActionMethodAsync>g__Awaited|12_0(ControllerActionInvoker invoker, ValueTask`1 actionResultValueTask)
   at Microsoft.AspNetCore.Mvc.Infrastructure.ControllerActionInvoker.<InvokeNextActionFilterAsync>g__Awaited|10_0(ControllerActionInvoker invoker, Task lastTask, State next, Scope scope, Object state, Boolean isCompleted)
   at Microsoft.AspNetCore.Mvc.Infrastructure.ControllerActionInvoker.Rethrow(ActionExecutedContextSealed context)
   at Microsoft.AspNetCore.Mvc.Infrastructure.ControllerActionInvoker.Next(State& next, Scope& scope, Object& state, Boolean& isCompleted)
   at Microsoft.AspNetCore.Mvc.Infrastructure.ControllerActionInvoker.<InvokeInnerFilterAsync>g__Awaited|13_0(ControllerActionInvoker invoker, Task lastTask, State next, Scope scope, Object state, Boolean isCompleted)
   at Microsoft.AspNetCore.Mvc.Infrastructure.ResourceInvoker.<InvokeFilterPipelineAsync>g__Awaited|19_0(ResourceInvoker invoker, Task lastTask, State next, Scope scope, Object state, Boolean isCompleted)
   at Microsoft.AspNetCore.Mvc.Infrastructure.ResourceInvoker.<InvokeAsync>g__Awaited|17_0(ResourceInvoker invoker, Task task, IDisposable scope)
   at Microsoft.AspNetCore.Routing.EndpointMiddleware.<Invoke>g__AwaitRequestTask|6_0(Endpoint endpoint, Task requestTask, ILogger logger)
   at Hellang.Middleware.ProblemDetails.ProblemDetailsMiddleware.Invoke(HttpContext context)
2020-10-17T01:22:04.5866710-05:00 [INF] (Emporos.API.Pharmacy.Program) Starting web host
2020-10-17T01:22:04.8088365-05:00 [INF] (HealthChecks.UI.Core.HostedService.UIInitializationHostedService) Initializing UI Database
2020-10-17T01:22:05.8355868-05:00 [INF] (HealthChecks.UI.Core.HostedService.UIInitializationHostedService) Saving healthchecks configuration to database
2020-10-17T01:22:16.0426173-05:00 [ERR] (Hellang.Middleware.ProblemDetails.ProblemDetailsMiddleware) An unhandled exception has occurred while executing the request.
System.Exception: https://httpstatuses.com/404 : Record with Id: 5 does not exist.
   at Emporos.API.Pharmacy.Controllers.V1.PharmacyInventoryController.Delete(Int64 id) in C:\Users\EDIAZR\source\repos\EmporosCodeTest\Emporos.API.Pharmacy\Controllers\V1\PharmacyInventoryController.cs:line 156
   at lambda_method(Closure , Object )
   at Microsoft.Extensions.Internal.ObjectMethodExecutorAwaitable.Awaiter.GetResult()
   at Microsoft.AspNetCore.Mvc.Infrastructure.ActionMethodExecutor.AwaitableObjectResultExecutor.Execute(IActionResultTypeMapper mapper, ObjectMethodExecutor executor, Object controller, Object[] arguments)
   at Microsoft.AspNetCore.Mvc.Infrastructure.ControllerActionInvoker.<InvokeActionMethodAsync>g__Awaited|12_0(ControllerActionInvoker invoker, ValueTask`1 actionResultValueTask)
   at Microsoft.AspNetCore.Mvc.Infrastructure.ControllerActionInvoker.<InvokeNextActionFilterAsync>g__Awaited|10_0(ControllerActionInvoker invoker, Task lastTask, State next, Scope scope, Object state, Boolean isCompleted)
   at Microsoft.AspNetCore.Mvc.Infrastructure.ControllerActionInvoker.Rethrow(ActionExecutedContextSealed context)
   at Microsoft.AspNetCore.Mvc.Infrastructure.ControllerActionInvoker.Next(State& next, Scope& scope, Object& state, Boolean& isCompleted)
   at Microsoft.AspNetCore.Mvc.Infrastructure.ControllerActionInvoker.<InvokeInnerFilterAsync>g__Awaited|13_0(ControllerActionInvoker invoker, Task lastTask, State next, Scope scope, Object state, Boolean isCompleted)
   at Microsoft.AspNetCore.Mvc.Infrastructure.ResourceInvoker.<InvokeFilterPipelineAsync>g__Awaited|19_0(ResourceInvoker invoker, Task lastTask, State next, Scope scope, Object state, Boolean isCompleted)
   at Microsoft.AspNetCore.Mvc.Infrastructure.ResourceInvoker.<InvokeAsync>g__Awaited|17_0(ResourceInvoker invoker, Task task, IDisposable scope)
   at Microsoft.AspNetCore.Routing.EndpointMiddleware.<Invoke>g__AwaitRequestTask|6_0(Endpoint endpoint, Task requestTask, ILogger logger)
   at Hellang.Middleware.ProblemDetails.ProblemDetailsMiddleware.Invoke(HttpContext context)
2020-10-17T01:24:35.2615802-05:00 [INF] (Emporos.API.Pharmacy.Program) Starting web host
2020-10-17T01:24:35.4002329-05:00 [INF] (HealthChecks.UI.Core.HostedService.UIInitializationHostedService) Initializing UI Database
2020-10-17T01:24:36.2192236-05:00 [INF] (HealthChecks.UI.Core.HostedService.UIInitializationHostedService) Saving healthchecks configuration to database
2020-10-17T01:24:53.4959979-05:00 [ERR] (Hellang.Middleware.ProblemDetails.ProblemDetailsMiddleware) An unhandled exception has occurred while executing the request.
System.Exception: https://httpstatuses.com/404 : Record with Id: 5 does not exist.
   at Emporos.API.Pharmacy.Controllers.V1.PharmacyInventoryController.Delete(Int64 id) in C:\Users\EDIAZR\source\repos\EmporosCodeTest\Emporos.API.Pharmacy\Controllers\V1\PharmacyInventoryController.cs:line 156
   at lambda_method(Closure , Object )
   at Microsoft.Extensions.Internal.ObjectMethodExecutorAwaitable.Awaiter.GetResult()
   at Microsoft.AspNetCore.Mvc.Infrastructure.ActionMethodExecutor.AwaitableObjectResultExecutor.Execute(IActionResultTypeMapper mapper, ObjectMethodExecutor executor, Object controller, Object[] arguments)
   at Microsoft.AspNetCore.Mvc.Infrastructure.ControllerActionInvoker.<InvokeActionMethodAsync>g__Logged|12_1(ControllerActionInvoker invoker)
   at Microsoft.AspNetCore.Mvc.Infrastructure.ControllerActionInvoker.<InvokeNextActionFilterAsync>g__Awaited|10_0(ControllerActionInvoker invoker, Task lastTask, State next, Scope scope, Object state, Boolean isCompleted)
   at Microsoft.AspNetCore.Mvc.Infrastructure.ControllerActionInvoker.Rethrow(ActionExecutedContextSealed context)
   at Microsoft.AspNetCore.Mvc.Infrastructure.ControllerActionInvoker.Next(State& next, Scope& scope, Object& state, Boolean& isCompleted)
   at Microsoft.AspNetCore.Mvc.Infrastructure.ControllerActionInvoker.<InvokeInnerFilterAsync>g__Awaited|13_0(ControllerActionInvoker invoker, Task lastTask, State next, Scope scope, Object state, Boolean isCompleted)
   at Microsoft.AspNetCore.Mvc.Infrastructure.ResourceInvoker.<InvokeFilterPipelineAsync>g__Awaited|19_0(ResourceInvoker invoker, Task lastTask, State next, Scope scope, Object state, Boolean isCompleted)
   at Microsoft.AspNetCore.Mvc.Infrastructure.ResourceInvoker.<InvokeAsync>g__Logged|17_1(ResourceInvoker invoker)
   at Microsoft.AspNetCore.Routing.EndpointMiddleware.<Invoke>g__AwaitRequestTask|6_0(Endpoint endpoint, Task requestTask, ILogger logger)
   at Hellang.Middleware.ProblemDetails.ProblemDetailsMiddleware.Invoke(HttpContext context)
2020-10-17T03:41:27.2093998-05:00 [INF] (Emporos.API.Pharmacy.Program) Starting web host
2020-10-17T03:41:27.3437656-05:00 [INF] (HealthChecks.UI.Core.HostedService.UIInitializationHostedService) Initializing UI Database
2020-10-17T03:41:28.1430136-05:00 [INF] (HealthChecks.UI.Core.HostedService.UIInitializationHostedService) Saving healthchecks configuration to database
2020-10-17T03:55:11.4155532-05:00 [INF] (Emporos.API.Pharmacy.Program) Starting web host
2020-10-17T03:55:11.5683278-05:00 [INF] (HealthChecks.UI.Core.HostedService.UIInitializationHostedService) Initializing UI Database
2020-10-17T03:55:12.5023137-05:00 [INF] (HealthChecks.UI.Core.HostedService.UIInitializationHostedService) Saving healthchecks configuration to database
2020-10-17T03:56:30.2961103-05:00 [INF] (Emporos.API.Pharmacy.Program) Starting web host
2020-10-17T03:56:30.4450108-05:00 [INF] (HealthChecks.UI.Core.HostedService.UIInitializationHostedService) Initializing UI Database
2020-10-17T03:56:31.7632944-05:00 [INF] (HealthChecks.UI.Core.HostedService.UIInitializationHostedService) Saving healthchecks configuration to database
2020-10-17T04:32:31.6268700-05:00 [INF] (Emporos.API.Pharmacy.Program) Starting web host
2020-10-17T04:32:31.8278889-05:00 [INF] (HealthChecks.UI.Core.HostedService.UIInitializationHostedService) Initializing UI Database
2020-10-17T04:32:32.8142248-05:00 [INF] (HealthChecks.UI.Core.HostedService.UIInitializationHostedService) Saving healthchecks configuration to database
2020-10-17T05:28:47.8607745-05:00 [INF] (Emporos.API.Pharmacy.Program) Starting web host
2020-10-17T05:28:48.1963781-05:00 [INF] (HealthChecks.UI.Core.HostedService.UIInitializationHostedService) Initializing UI Database
2020-10-17T05:28:49.2953481-05:00 [INF] (HealthChecks.UI.Core.HostedService.UIInitializationHostedService) Saving healthchecks configuration to database
2020-10-17T05:43:14.0715484-05:00 [INF] (Emporos.API.Pharmacy.Program) Starting web host
2020-10-17T05:43:14.3074469-05:00 [INF] (HealthChecks.UI.Core.HostedService.UIInitializationHostedService) Initializing UI Database
2020-10-17T05:43:15.3020960-05:00 [INF] (HealthChecks.UI.Core.HostedService.UIInitializationHostedService) Saving healthchecks configuration to database
2020-10-17T05:45:04.5248231-05:00 [INF] (Emporos.API.Pharmacy.Program) Starting web host
2020-10-17T05:45:04.7625619-05:00 [INF] (HealthChecks.UI.Core.HostedService.UIInitializationHostedService) Initializing UI Database
2020-10-17T05:45:05.7613136-05:00 [INF] (HealthChecks.UI.Core.HostedService.UIInitializationHostedService) Saving healthchecks configuration to database
2020-10-17T05:49:21.1184524-05:00 [INF] (Emporos.API.Pharmacy.Program) Starting web host
2020-10-17T05:49:21.3849368-05:00 [INF] (HealthChecks.UI.Core.HostedService.UIInitializationHostedService) Initializing UI Database
2020-10-17T05:49:22.5150763-05:00 [INF] (HealthChecks.UI.Core.HostedService.UIInitializationHostedService) Saving healthchecks configuration to database
2020-10-17T05:51:52.0856541-05:00 [INF] (Emporos.API.Pharmacy.Program) Starting web host
2020-10-17T05:51:52.3114602-05:00 [INF] (HealthChecks.UI.Core.HostedService.UIInitializationHostedService) Initializing UI Database
2020-10-17T05:51:53.3647122-05:00 [INF] (HealthChecks.UI.Core.HostedService.UIInitializationHostedService) Saving healthchecks configuration to database
2020-10-17T05:54:30.9044121-05:00 [INF] (Emporos.API.Pharmacy.Program) Starting web host
2020-10-17T05:54:31.1754875-05:00 [INF] (HealthChecks.UI.Core.HostedService.UIInitializationHostedService) Initializing UI Database
2020-10-17T05:54:32.2300555-05:00 [INF] (HealthChecks.UI.Core.HostedService.UIInitializationHostedService) Saving healthchecks configuration to database
2020-10-17T05:55:18.2778314-05:00 [INF] (Emporos.API.Pharmacy.Program) Starting web host
2020-10-17T05:55:18.5592209-05:00 [INF] (HealthChecks.UI.Core.HostedService.UIInitializationHostedService) Initializing UI Database
2020-10-17T05:55:19.7646820-05:00 [INF] (HealthChecks.UI.Core.HostedService.UIInitializationHostedService) Saving healthchecks configuration to database
2020-10-17T05:56:03.8804047-05:00 [INF] (Emporos.API.Pharmacy.Program) Starting web host
2020-10-17T05:56:04.2267555-05:00 [INF] (HealthChecks.UI.Core.HostedService.UIInitializationHostedService) Initializing UI Database
2020-10-17T05:56:05.6453627-05:00 [INF] (HealthChecks.UI.Core.HostedService.UIInitializationHostedService) Saving healthchecks configuration to database
2020-10-17T06:01:54.2293533-05:00 [INF] (Emporos.API.Pharmacy.Program) Starting web host
2020-10-17T06:01:54.5010800-05:00 [INF] (HealthChecks.UI.Core.HostedService.UIInitializationHostedService) Initializing UI Database
2020-10-17T06:01:55.6535183-05:00 [INF] (HealthChecks.UI.Core.HostedService.UIInitializationHostedService) Saving healthchecks configuration to database
2020-10-17T06:06:44.5950407-05:00 [INF] (Emporos.API.Pharmacy.Program) Starting web host
2020-10-17T06:06:45.4563770-05:00 [INF] (HealthChecks.UI.Core.HostedService.UIInitializationHostedService) Initializing UI Database
2020-10-17T06:06:46.8424724-05:00 [INF] (HealthChecks.UI.Core.HostedService.UIInitializationHostedService) Saving healthchecks configuration to database
2020-10-17T06:08:08.0668512-05:00 [INF] (Emporos.API.Pharmacy.Program) Starting web host
2020-10-17T06:08:08.5204927-05:00 [INF] (HealthChecks.UI.Core.HostedService.UIInitializationHostedService) Initializing UI Database
2020-10-17T06:08:09.6810647-05:00 [INF] (HealthChecks.UI.Core.HostedService.UIInitializationHostedService) Saving healthchecks configuration to database
2020-10-17T06:14:46.0358228-05:00 [INF] (Emporos.API.Pharmacy.Program) Starting web host
2020-10-17T06:14:46.3170911-05:00 [INF] (HealthChecks.UI.Core.HostedService.UIInitializationHostedService) Initializing UI Database
2020-10-17T06:14:47.3500928-05:00 [INF] (HealthChecks.UI.Core.HostedService.UIInitializationHostedService) Saving healthchecks configuration to database
2020-10-17T06:14:50.3943345-05:00 [ERR] (Microsoft.Extensions.Diagnostics.HealthChecks.DefaultHealthCheckService) Health check "Authentication Endpoint" completed after 564.0017ms with status Unhealthy and '"Discover endpoint #0 is not responding with code in 200...299 range, the current status is MethodNotAllowed."'
2020-10-17T06:14:50.5579330-05:00 [ERR] (Microsoft.Extensions.Diagnostics.HealthChecks.DefaultHealthCheckService) Health check "Item Endpoint" completed after 732.1522ms with status Unhealthy and '"Discover endpoint #0 is not responding with code in 200...299 range, the current status is MethodNotAllowed."'
2020-10-17T06:14:50.6089999-05:00 [ERR] (Microsoft.Extensions.Diagnostics.HealthChecks.DefaultHealthCheckService) Health check "Pharmacy Inventory Endpoint" completed after 755.0909ms with status Unhealthy and '"Discover endpoint #0 is not responding with code in 200...299 range, the current status is MethodNotAllowed."'
2020-10-17T06:14:51.9455796-05:00 [ERR] (HealthChecks.UI.Core.Notifications.WebHookFailureNotifier) The webhook notification has not executed successfully for "" webhook. The error code is NotFound.
2020-10-17T06:15:02.2331011-05:00 [ERR] (Microsoft.Extensions.Diagnostics.HealthChecks.DefaultHealthCheckService) Health check "Authentication Endpoint" completed after 36.2246ms with status Unhealthy and '"Discover endpoint #0 is not responding with code in 200...299 range, the current status is MethodNotAllowed."'
2020-10-17T06:15:02.2343916-05:00 [ERR] (Microsoft.Extensions.Diagnostics.HealthChecks.DefaultHealthCheckService) Health check "Item Endpoint" completed after 37.6871ms with status Unhealthy and '"Discover endpoint #0 is not responding with code in 200...299 range, the current status is MethodNotAllowed."'
2020-10-17T06:15:02.2342911-05:00 [ERR] (Microsoft.Extensions.Diagnostics.HealthChecks.DefaultHealthCheckService) Health check "Pharmacy Inventory Endpoint" completed after 62.632ms with status Unhealthy and '"Discover endpoint #0 is not responding with code in 200...299 range, the current status is MethodNotAllowed."'
2020-10-17T06:15:02.2551502-05:00 [INF] (HealthChecks.UI.Core.Notifications.WebHookFailureNotifier) Notification is sent on same window time.
2020-10-17T06:15:12.3505902-05:00 [ERR] (Microsoft.Extensions.Diagnostics.HealthChecks.DefaultHealthCheckService) Health check "Authentication Endpoint" completed after 9.9852ms with status Unhealthy and '"Discover endpoint #0 is not responding with code in 200...299 range, the current status is MethodNotAllowed."'
2020-10-17T06:15:12.3715753-05:00 [ERR] (Microsoft.Extensions.Diagnostics.HealthChecks.DefaultHealthCheckService) Health check "Item Endpoint" completed after 21.5172ms with status Unhealthy and '"Discover endpoint #0 is not responding with code in 200...299 range, the current status is MethodNotAllowed."'
2020-10-17T06:15:12.3725402-05:00 [ERR] (Microsoft.Extensions.Diagnostics.HealthChecks.DefaultHealthCheckService) Health check "Pharmacy Inventory Endpoint" completed after 33.2152ms with status Unhealthy and '"Discover endpoint #0 is not responding with code in 200...299 range, the current status is MethodNotAllowed."'
2020-10-17T06:15:12.3892560-05:00 [INF] (HealthChecks.UI.Core.Notifications.WebHookFailureNotifier) Notification is sent on same window time.
2020-10-17T06:15:22.4286270-05:00 [ERR] (Microsoft.Extensions.Diagnostics.HealthChecks.DefaultHealthCheckService) Health check "Authentication Endpoint" completed after 6.4948ms with status Unhealthy and '"Discover endpoint #0 is not responding with code in 200...299 range, the current status is MethodNotAllowed."'
2020-10-17T06:15:22.4295651-05:00 [ERR] (Microsoft.Extensions.Diagnostics.HealthChecks.DefaultHealthCheckService) Health check "Item Endpoint" completed after 7.5521ms with status Unhealthy and '"Discover endpoint #0 is not responding with code in 200...299 range, the current status is MethodNotAllowed."'
2020-10-17T06:15:22.4311918-05:00 [ERR] (Microsoft.Extensions.Diagnostics.HealthChecks.DefaultHealthCheckService) Health check "Pharmacy Inventory Endpoint" completed after 9.264ms with status Unhealthy and '"Discover endpoint #0 is not responding with code in 200...299 range, the current status is MethodNotAllowed."'
2020-10-17T06:15:22.4476022-05:00 [INF] (HealthChecks.UI.Core.Notifications.WebHookFailureNotifier) Notification is sent on same window time.
2020-10-17T06:15:32.4725553-05:00 [ERR] (Microsoft.Extensions.Diagnostics.HealthChecks.DefaultHealthCheckService) Health check "Authentication Endpoint" completed after 10.6473ms with status Unhealthy and '"Discover endpoint #0 is not responding with code in 200...299 range, the current status is MethodNotAllowed."'
2020-10-17T06:15:32.4761405-05:00 [ERR] (Microsoft.Extensions.Diagnostics.HealthChecks.DefaultHealthCheckService) Health check "Pharmacy Inventory Endpoint" completed after 11.4621ms with status Unhealthy and '"Discover endpoint #0 is not responding with code in 200...299 range, the current status is MethodNotAllowed."'
2020-10-17T06:15:32.4820396-05:00 [ERR] (Microsoft.Extensions.Diagnostics.HealthChecks.DefaultHealthCheckService) Health check "Item Endpoint" completed after 19.65ms with status Unhealthy and '"Discover endpoint #0 is not responding with code in 200...299 range, the current status is MethodNotAllowed."'
2020-10-17T06:15:32.5034458-05:00 [INF] (HealthChecks.UI.Core.Notifications.WebHookFailureNotifier) Notification is sent on same window time.
2020-10-17T06:15:42.5335391-05:00 [ERR] (Microsoft.Extensions.Diagnostics.HealthChecks.DefaultHealthCheckService) Health check "Authentication Endpoint" completed after 7.0622ms with status Unhealthy and '"Discover endpoint #0 is not responding with code in 200...299 range, the current status is MethodNotAllowed."'
2020-10-17T06:15:42.5479047-05:00 [ERR] (Microsoft.Extensions.Diagnostics.HealthChecks.DefaultHealthCheckService) Health check "Pharmacy Inventory Endpoint" completed after 19.546ms with status Unhealthy and '"Discover endpoint #0 is not responding with code in 200...299 range, the current status is MethodNotAllowed."'
2020-10-17T06:15:42.5479909-05:00 [ERR] (Microsoft.Extensions.Diagnostics.HealthChecks.DefaultHealthCheckService) Health check "Item Endpoint" completed after 21.6944ms with status Unhealthy and '"Discover endpoint #0 is not responding with code in 200...299 range, the current status is MethodNotAllowed."'
2020-10-17T06:15:42.5728295-05:00 [INF] (HealthChecks.UI.Core.Notifications.WebHookFailureNotifier) Notification is sent on same window time.
2020-10-17T06:15:52.6563587-05:00 [ERR] (Microsoft.Extensions.Diagnostics.HealthChecks.DefaultHealthCheckService) Health check "Authentication Endpoint" completed after 46.5407ms with status Unhealthy and '"Discover endpoint #0 is not responding with code in 200...299 range, the current status is MethodNotAllowed."'
2020-10-17T06:15:52.6577420-05:00 [ERR] (Microsoft.Extensions.Diagnostics.HealthChecks.DefaultHealthCheckService) Health check "Pharmacy Inventory Endpoint" completed after 48.6788ms with status Unhealthy and '"Discover endpoint #0 is not responding with code in 200...299 range, the current status is MethodNotAllowed."'
2020-10-17T06:15:52.6579844-05:00 [ERR] (Microsoft.Extensions.Diagnostics.HealthChecks.DefaultHealthCheckService) Health check "Item Endpoint" completed after 48.4802ms with status Unhealthy and '"Discover endpoint #0 is not responding with code in 200...299 range, the current status is MethodNotAllowed."'
2020-10-17T06:15:52.6846247-05:00 [ERR] (HealthChecks.UI.Core.Notifications.WebHookFailureNotifier) The webhook notification has not executed successfully for "" webhook. The error code is NotFound.
2020-10-17T06:16:02.7083543-05:00 [ERR] (Microsoft.Extensions.Diagnostics.HealthChecks.DefaultHealthCheckService) Health check "Pharmacy Inventory Endpoint" completed after 9.5263ms with status Unhealthy and '"Discover endpoint #0 is not responding with code in 200...299 range, the current status is MethodNotAllowed."'
2020-10-17T06:16:02.7090672-05:00 [ERR] (Microsoft.Extensions.Diagnostics.HealthChecks.DefaultHealthCheckService) Health check "Item Endpoint" completed after 8.5129ms with status Unhealthy and '"Discover endpoint #0 is not responding with code in 200...299 range, the current status is MethodNotAllowed."'
2020-10-17T06:16:02.7222048-05:00 [ERR] (Microsoft.Extensions.Diagnostics.HealthChecks.DefaultHealthCheckService) Health check "Authentication Endpoint" completed after 22.219ms with status Unhealthy and '"Discover endpoint #0 is not responding with code in 200...299 range, the current status is MethodNotAllowed."'
2020-10-17T06:16:02.7425064-05:00 [INF] (HealthChecks.UI.Core.Notifications.WebHookFailureNotifier) Notification is sent on same window time.
2020-10-17T06:16:12.8796252-05:00 [ERR] (Microsoft.Extensions.Diagnostics.HealthChecks.DefaultHealthCheckService) Health check "Authentication Endpoint" completed after 13.9336ms with status Unhealthy and '"Discover endpoint #0 is not responding with code in 200...299 range, the current status is MethodNotAllowed."'
2020-10-17T06:16:12.8986444-05:00 [ERR] (Microsoft.Extensions.Diagnostics.HealthChecks.DefaultHealthCheckService) Health check "Pharmacy Inventory Endpoint" completed after 31.3474ms with status Unhealthy and '"Discover endpoint #0 is not responding with code in 200...299 range, the current status is MethodNotAllowed."'
2020-10-17T06:16:12.8800921-05:00 [ERR] (Microsoft.Extensions.Diagnostics.HealthChecks.DefaultHealthCheckService) Health check "Item Endpoint" completed after 14.1887ms with status Unhealthy and '"Discover endpoint #0 is not responding with code in 200...299 range, the current status is MethodNotAllowed."'
2020-10-17T06:16:12.9952327-05:00 [INF] (HealthChecks.UI.Core.Notifications.WebHookFailureNotifier) Notification is sent on same window time.
2020-10-17T06:16:24.1571856-05:00 [ERR] (Microsoft.Extensions.Diagnostics.HealthChecks.DefaultHealthCheckService) Health check "Item Endpoint" completed after 92.5953ms with status Unhealthy and '"Discover endpoint #0 is not responding with code in 200...299 range, the current status is MethodNotAllowed."'
2020-10-17T06:16:24.1944346-05:00 [ERR] (Microsoft.Extensions.Diagnostics.HealthChecks.DefaultHealthCheckService) Health check "Pharmacy Inventory Endpoint" completed after 154.1242ms with status Unhealthy and '"Discover endpoint #0 is not responding with code in 200...299 range, the current status is MethodNotAllowed."'
2020-10-17T06:16:24.2010576-05:00 [ERR] (Microsoft.Extensions.Diagnostics.HealthChecks.DefaultHealthCheckService) Health check "Authentication Endpoint" completed after 137.4887ms with status Unhealthy and '"Discover endpoint #0 is not responding with code in 200...299 range, the current status is MethodNotAllowed."'
2020-10-17T06:16:24.2252261-05:00 [INF] (HealthChecks.UI.Core.Notifications.WebHookFailureNotifier) Notification is sent on same window time.
2020-10-17T06:16:34.2450225-05:00 [ERR] (Microsoft.Extensions.Diagnostics.HealthChecks.DefaultHealthCheckService) Health check "Authentication Endpoint" completed after 6.5929ms with status Unhealthy and '"Discover endpoint #0 is not responding with code in 200...299 range, the current status is MethodNotAllowed."'
2020-10-17T06:16:34.2521588-05:00 [ERR] (Microsoft.Extensions.Diagnostics.HealthChecks.DefaultHealthCheckService) Health check "Item Endpoint" completed after 12.6338ms with status Unhealthy and '"Discover endpoint #0 is not responding with code in 200...299 range, the current status is MethodNotAllowed."'
2020-10-17T06:16:34.2549559-05:00 [ERR] (Microsoft.Extensions.Diagnostics.HealthChecks.DefaultHealthCheckService) Health check "Pharmacy Inventory Endpoint" completed after 15.4784ms with status Unhealthy and '"Discover endpoint #0 is not responding with code in 200...299 range, the current status is MethodNotAllowed."'
2020-10-17T06:16:34.2682472-05:00 [INF] (HealthChecks.UI.Core.Notifications.WebHookFailureNotifier) Notification is sent on same window time.
2020-10-17T06:16:45.1337761-05:00 [ERR] (Microsoft.Extensions.Diagnostics.HealthChecks.DefaultHealthCheckService) Health check "Authentication Endpoint" completed after 513.6195ms with status Unhealthy and '"Discover endpoint #0 is not responding with code in 200...299 range, the current status is MethodNotAllowed."'
2020-10-17T06:16:45.1346176-05:00 [ERR] (Microsoft.Extensions.Diagnostics.HealthChecks.DefaultHealthCheckService) Health check "Pharmacy Inventory Endpoint" completed after 358.8948ms with status Unhealthy and '"Discover endpoint #0 is not responding with code in 200...299 range, the current status is MethodNotAllowed."'
2020-10-17T06:16:45.1549369-05:00 [ERR] (Microsoft.Extensions.Diagnostics.HealthChecks.DefaultHealthCheckService) Health check "Item Endpoint" completed after 131.7821ms with status Unhealthy and '"Discover endpoint #0 is not responding with code in 200...299 range, the current status is MethodNotAllowed."'
2020-10-17T06:16:45.1653395-05:00 [INF] (HealthChecks.UI.Core.Notifications.WebHookFailureNotifier) Notification is sent on same window time.
2020-10-17T06:16:55.2458127-05:00 [ERR] (Microsoft.Extensions.Diagnostics.HealthChecks.DefaultHealthCheckService) Health check "Authentication Endpoint" completed after 38.4939ms with status Unhealthy and '"Discover endpoint #0 is not responding with code in 200...299 range, the current status is MethodNotAllowed."'
2020-10-17T06:16:55.2460768-05:00 [ERR] (Microsoft.Extensions.Diagnostics.HealthChecks.DefaultHealthCheckService) Health check "Pharmacy Inventory Endpoint" completed after 37.6921ms with status Unhealthy and '"Discover endpoint #0 is not responding with code in 200...299 range, the current status is MethodNotAllowed."'
2020-10-17T06:16:55.2554920-05:00 [ERR] (Microsoft.Extensions.Diagnostics.HealthChecks.DefaultHealthCheckService) Health check "Item Endpoint" completed after 44.156ms with status Unhealthy and '"Discover endpoint #0 is not responding with code in 200...299 range, the current status is MethodNotAllowed."'
2020-10-17T06:16:55.2762389-05:00 [ERR] (HealthChecks.UI.Core.Notifications.WebHookFailureNotifier) The webhook notification has not executed successfully for "" webhook. The error code is NotFound.
2020-10-17T06:17:05.3060456-05:00 [ERR] (Microsoft.Extensions.Diagnostics.HealthChecks.DefaultHealthCheckService) Health check "Authentication Endpoint" completed after 7.9822ms with status Unhealthy and '"Discover endpoint #0 is not responding with code in 200...299 range, the current status is MethodNotAllowed."'
2020-10-17T06:17:05.3074941-05:00 [ERR] (Microsoft.Extensions.Diagnostics.HealthChecks.DefaultHealthCheckService) Health check "Pharmacy Inventory Endpoint" completed after 9.4092ms with status Unhealthy and '"Discover endpoint #0 is not responding with code in 200...299 range, the current status is MethodNotAllowed."'
2020-10-17T06:17:05.3090598-05:00 [ERR] (Microsoft.Extensions.Diagnostics.HealthChecks.DefaultHealthCheckService) Health check "Item Endpoint" completed after 11.1625ms with status Unhealthy and '"Discover endpoint #0 is not responding with code in 200...299 range, the current status is MethodNotAllowed."'
2020-10-17T06:17:05.3261877-05:00 [INF] (HealthChecks.UI.Core.Notifications.WebHookFailureNotifier) Notification is sent on same window time.
2020-10-17T06:17:15.3685886-05:00 [ERR] (Microsoft.Extensions.Diagnostics.HealthChecks.DefaultHealthCheckService) Health check "Pharmacy Inventory Endpoint" completed after 20.2197ms with status Unhealthy and '"Discover endpoint #0 is not responding with code in 200...299 range, the current status is MethodNotAllowed."'
2020-10-17T06:17:15.3685963-05:00 [ERR] (Microsoft.Extensions.Diagnostics.HealthChecks.DefaultHealthCheckService) Health check "Authentication Endpoint" completed after 23.3756ms with status Unhealthy and '"Discover endpoint #0 is not responding with code in 200...299 range, the current status is MethodNotAllowed."'
2020-10-17T06:17:15.3705604-05:00 [ERR] (Microsoft.Extensions.Diagnostics.HealthChecks.DefaultHealthCheckService) Health check "Item Endpoint" completed after 25.1273ms with status Unhealthy and '"Discover endpoint #0 is not responding with code in 200...299 range, the current status is MethodNotAllowed."'
2020-10-17T06:17:15.3825767-05:00 [INF] (HealthChecks.UI.Core.Notifications.WebHookFailureNotifier) Notification is sent on same window time.
2020-10-17T06:17:25.4221794-05:00 [ERR] (Microsoft.Extensions.Diagnostics.HealthChecks.DefaultHealthCheckService) Health check "Authentication Endpoint" completed after 13.124ms with status Unhealthy and '"Discover endpoint #0 is not responding with code in 200...299 range, the current status is MethodNotAllowed."'
2020-10-17T06:17:25.4296652-05:00 [ERR] (Microsoft.Extensions.Diagnostics.HealthChecks.DefaultHealthCheckService) Health check "Pharmacy Inventory Endpoint" completed after 21.2404ms with status Unhealthy and '"Discover endpoint #0 is not responding with code in 200...299 range, the current status is MethodNotAllowed."'
2020-10-17T06:17:25.4302179-05:00 [ERR] (Microsoft.Extensions.Diagnostics.HealthChecks.DefaultHealthCheckService) Health check "Item Endpoint" completed after 22.3013ms with status Unhealthy and '"Discover endpoint #0 is not responding with code in 200...299 range, the current status is MethodNotAllowed."'
2020-10-17T06:17:25.4430422-05:00 [INF] (HealthChecks.UI.Core.Notifications.WebHookFailureNotifier) Notification is sent on same window time.
2020-10-17T06:17:35.4557063-05:00 [ERR] (Microsoft.Extensions.Diagnostics.HealthChecks.DefaultHealthCheckService) Health check "Authentication Endpoint" completed after 5.2529ms with status Unhealthy and '"Discover endpoint #0 is not responding with code in 200...299 range, the current status is MethodNotAllowed."'
2020-10-17T06:17:35.4591690-05:00 [ERR] (Microsoft.Extensions.Diagnostics.HealthChecks.DefaultHealthCheckService) Health check "Item Endpoint" completed after 8.3965ms with status Unhealthy and '"Discover endpoint #0 is not responding with code in 200...299 range, the current status is MethodNotAllowed."'
2020-10-17T06:17:35.4729570-05:00 [ERR] (Microsoft.Extensions.Diagnostics.HealthChecks.DefaultHealthCheckService) Health check "Pharmacy Inventory Endpoint" completed after 22.1989ms with status Unhealthy and '"Discover endpoint #0 is not responding with code in 200...299 range, the current status is MethodNotAllowed."'
2020-10-17T06:17:35.4846695-05:00 [INF] (HealthChecks.UI.Core.Notifications.WebHookFailureNotifier) Notification is sent on same window time.
2020-10-17T06:17:45.5272653-05:00 [ERR] (Microsoft.Extensions.Diagnostics.HealthChecks.DefaultHealthCheckService) Health check "Authentication Endpoint" completed after 4.7203ms with status Unhealthy and '"Discover endpoint #0 is not responding with code in 200...299 range, the current status is MethodNotAllowed."'
2020-10-17T06:17:45.5290239-05:00 [ERR] (Microsoft.Extensions.Diagnostics.HealthChecks.DefaultHealthCheckService) Health check "Pharmacy Inventory Endpoint" completed after 9.2437ms with status Unhealthy and '"Discover endpoint #0 is not responding with code in 200...299 range, the current status is MethodNotAllowed."'
2020-10-17T06:17:45.5330526-05:00 [ERR] (Microsoft.Extensions.Diagnostics.HealthChecks.DefaultHealthCheckService) Health check "Item Endpoint" completed after 10.7439ms with status Unhealthy and '"Discover endpoint #0 is not responding with code in 200...299 range, the current status is MethodNotAllowed."'
2020-10-17T06:17:45.5454913-05:00 [INF] (HealthChecks.UI.Core.Notifications.WebHookFailureNotifier) Notification is sent on same window time.
2020-10-17T06:17:55.5898793-05:00 [ERR] (Microsoft.Extensions.Diagnostics.HealthChecks.DefaultHealthCheckService) Health check "Authentication Endpoint" completed after 30.3462ms with status Unhealthy and '"Discover endpoint #0 is not responding with code in 200...299 range, the current status is MethodNotAllowed."'
2020-10-17T06:17:55.5899024-05:00 [ERR] (Microsoft.Extensions.Diagnostics.HealthChecks.DefaultHealthCheckService) Health check "Pharmacy Inventory Endpoint" completed after 30.0615ms with status Unhealthy and '"Discover endpoint #0 is not responding with code in 200...299 range, the current status is MethodNotAllowed."'
2020-10-17T06:17:55.5900224-05:00 [ERR] (Microsoft.Extensions.Diagnostics.HealthChecks.DefaultHealthCheckService) Health check "Item Endpoint" completed after 31.6322ms with status Unhealthy and '"Discover endpoint #0 is not responding with code in 200...299 range, the current status is MethodNotAllowed."'
2020-10-17T06:17:55.6151370-05:00 [ERR] (HealthChecks.UI.Core.Notifications.WebHookFailureNotifier) The webhook notification has not executed successfully for "" webhook. The error code is NotFound.
2020-10-17T06:18:05.6525642-05:00 [ERR] (Microsoft.Extensions.Diagnostics.HealthChecks.DefaultHealthCheckService) Health check "Pharmacy Inventory Endpoint" completed after 14.3772ms with status Unhealthy and '"Discover endpoint #0 is not responding with code in 200...299 range, the current status is MethodNotAllowed."'
2020-10-17T06:18:05.6689273-05:00 [ERR] (Microsoft.Extensions.Diagnostics.HealthChecks.DefaultHealthCheckService) Health check "Authentication Endpoint" completed after 27.649ms with status Unhealthy and '"Discover endpoint #0 is not responding with code in 200...299 range, the current status is MethodNotAllowed."'
2020-10-17T06:18:05.6602166-05:00 [ERR] (Microsoft.Extensions.Diagnostics.HealthChecks.DefaultHealthCheckService) Health check "Item Endpoint" completed after 18.823ms with status Unhealthy and '"Discover endpoint #0 is not responding with code in 200...299 range, the current status is MethodNotAllowed."'
2020-10-17T06:18:05.7286661-05:00 [INF] (HealthChecks.UI.Core.Notifications.WebHookFailureNotifier) Notification is sent on same window time.
2020-10-17T06:18:15.7725603-05:00 [ERR] (Microsoft.Extensions.Diagnostics.HealthChecks.DefaultHealthCheckService) Health check "Pharmacy Inventory Endpoint" completed after 18.4907ms with status Unhealthy and '"Discover endpoint #0 is not responding with code in 200...299 range, the current status is MethodNotAllowed."'
2020-10-17T06:18:15.7727876-05:00 [ERR] (Microsoft.Extensions.Diagnostics.HealthChecks.DefaultHealthCheckService) Health check "Authentication Endpoint" completed after 19.565ms with status Unhealthy and '"Discover endpoint #0 is not responding with code in 200...299 range, the current status is MethodNotAllowed."'
2020-10-17T06:18:15.7734613-05:00 [ERR] (Microsoft.Extensions.Diagnostics.HealthChecks.DefaultHealthCheckService) Health check "Item Endpoint" completed after 14.9139ms with status Unhealthy and '"Discover endpoint #0 is not responding with code in 200...299 range, the current status is MethodNotAllowed."'
2020-10-17T06:18:15.7866159-05:00 [INF] (HealthChecks.UI.Core.Notifications.WebHookFailureNotifier) Notification is sent on same window time.
2020-10-17T06:18:25.8402535-05:00 [ERR] (Microsoft.Extensions.Diagnostics.HealthChecks.DefaultHealthCheckService) Health check "Authentication Endpoint" completed after 6.4341ms with status Unhealthy and '"Discover endpoint #0 is not responding with code in 200...299 range, the current status is MethodNotAllowed."'
2020-10-17T06:18:25.8415094-05:00 [ERR] (Microsoft.Extensions.Diagnostics.HealthChecks.DefaultHealthCheckService) Health check "Pharmacy Inventory Endpoint" completed after 7.147ms with status Unhealthy and '"Discover endpoint #0 is not responding with code in 200...299 range, the current status is MethodNotAllowed."'
2020-10-17T06:18:25.8427370-05:00 [ERR] (Microsoft.Extensions.Diagnostics.HealthChecks.DefaultHealthCheckService) Health check "Item Endpoint" completed after 8.9205ms with status Unhealthy and '"Discover endpoint #0 is not responding with code in 200...299 range, the current status is MethodNotAllowed."'
2020-10-17T06:18:25.8541839-05:00 [INF] (HealthChecks.UI.Core.Notifications.WebHookFailureNotifier) Notification is sent on same window time.
2020-10-17T06:18:35.8743448-05:00 [ERR] (Microsoft.Extensions.Diagnostics.HealthChecks.DefaultHealthCheckService) Health check "Authentication Endpoint" completed after 6.375ms with status Unhealthy and '"Discover endpoint #0 is not responding with code in 200...299 range, the current status is MethodNotAllowed."'
2020-10-17T06:18:35.8755501-05:00 [ERR] (Microsoft.Extensions.Diagnostics.HealthChecks.DefaultHealthCheckService) Health check "Item Endpoint" completed after 7.4071ms with status Unhealthy and '"Discover endpoint #0 is not responding with code in 200...299 range, the current status is MethodNotAllowed."'
2020-10-17T06:18:35.8755451-05:00 [ERR] (Microsoft.Extensions.Diagnostics.HealthChecks.DefaultHealthCheckService) Health check "Pharmacy Inventory Endpoint" completed after 7.2015ms with status Unhealthy and '"Discover endpoint #0 is not responding with code in 200...299 range, the current status is MethodNotAllowed."'
2020-10-17T06:18:35.8909143-05:00 [INF] (HealthChecks.UI.Core.Notifications.WebHookFailureNotifier) Notification is sent on same window time.
2020-10-17T06:18:45.9050244-05:00 [ERR] (Microsoft.Extensions.Diagnostics.HealthChecks.DefaultHealthCheckService) Health check "Authentication Endpoint" completed after 4.9223ms with status Unhealthy and '"Discover endpoint #0 is not responding with code in 200...299 range, the current status is MethodNotAllowed."'
2020-10-17T06:18:45.9057034-05:00 [ERR] (Microsoft.Extensions.Diagnostics.HealthChecks.DefaultHealthCheckService) Health check "Item Endpoint" completed after 5.5055ms with status Unhealthy and '"Discover endpoint #0 is not responding with code in 200...299 range, the current status is MethodNotAllowed."'
2020-10-17T06:18:45.9080037-05:00 [ERR] (Microsoft.Extensions.Diagnostics.HealthChecks.DefaultHealthCheckService) Health check "Pharmacy Inventory Endpoint" completed after 5.381ms with status Unhealthy and '"Discover endpoint #0 is not responding with code in 200...299 range, the current status is MethodNotAllowed."'
2020-10-17T06:18:45.9242462-05:00 [INF] (HealthChecks.UI.Core.Notifications.WebHookFailureNotifier) Notification is sent on same window time.
2020-10-17T06:18:55.9968162-05:00 [ERR] (Microsoft.Extensions.Diagnostics.HealthChecks.DefaultHealthCheckService) Health check "Item Endpoint" completed after 21.3982ms with status Unhealthy and '"Discover endpoint #0 is not responding with code in 200...299 range, the current status is MethodNotAllowed."'
2020-10-17T06:18:56.0019652-05:00 [ERR] (Microsoft.Extensions.Diagnostics.HealthChecks.DefaultHealthCheckService) Health check "Authentication Endpoint" completed after 26.7718ms with status Unhealthy and '"Discover endpoint #0 is not responding with code in 200...299 range, the current status is MethodNotAllowed."'
2020-10-17T06:18:56.0134185-05:00 [ERR] (Microsoft.Extensions.Diagnostics.HealthChecks.DefaultHealthCheckService) Health check "Pharmacy Inventory Endpoint" completed after 38.7148ms with status Unhealthy and '"Discover endpoint #0 is not responding with code in 200...299 range, the current status is MethodNotAllowed."'
2020-10-17T06:18:56.0378850-05:00 [ERR] (HealthChecks.UI.Core.Notifications.WebHookFailureNotifier) The webhook notification has not executed successfully for "" webhook. The error code is NotFound.
2020-10-17T06:19:06.0696701-05:00 [ERR] (Microsoft.Extensions.Diagnostics.HealthChecks.DefaultHealthCheckService) Health check "Item Endpoint" completed after 5.3564ms with status Unhealthy and '"Discover endpoint #0 is not responding with code in 200...299 range, the current status is MethodNotAllowed."'
2020-10-17T06:19:06.0697095-05:00 [ERR] (Microsoft.Extensions.Diagnostics.HealthChecks.DefaultHealthCheckService) Health check "Pharmacy Inventory Endpoint" completed after 5.2009ms with status Unhealthy and '"Discover endpoint #0 is not responding with code in 200...299 range, the current status is MethodNotAllowed."'
2020-10-17T06:19:06.0720286-05:00 [ERR] (Microsoft.Extensions.Diagnostics.HealthChecks.DefaultHealthCheckService) Health check "Authentication Endpoint" completed after 7.8752ms with status Unhealthy and '"Discover endpoint #0 is not responding with code in 200...299 range, the current status is MethodNotAllowed."'
2020-10-17T06:19:06.0827262-05:00 [INF] (HealthChecks.UI.Core.Notifications.WebHookFailureNotifier) Notification is sent on same window time.
2020-10-17T06:21:15.9090669-05:00 [INF] (Emporos.API.Pharmacy.Program) Starting web host
2020-10-17T06:21:16.3440576-05:00 [INF] (HealthChecks.UI.Core.HostedService.UIInitializationHostedService) Initializing UI Database
2020-10-17T06:21:17.9510702-05:00 [INF] (HealthChecks.UI.Core.HostedService.UIInitializationHostedService) Saving healthchecks configuration to database
2020-10-17T06:21:21.5677015-05:00 [WRN] (Microsoft.Extensions.Diagnostics.HealthChecks.DefaultHealthCheckService) Health check "Item/Pharmacy Endpoint" completed after 348.8253ms with status Degraded and '"Discover endpoint #0 is not responding with code in 200...299 range, the current status is NotFound."'
2020-10-17T06:21:21.7079834-05:00 [WRN] (Microsoft.Extensions.Diagnostics.HealthChecks.DefaultHealthCheckService) Health check "Authentication Endpoint" completed after 481.8656ms with status Degraded and '"Discover endpoint #0 is not responding with code in 200...299 range, the current status is NotFound."'
2020-10-17T06:21:23.0601745-05:00 [ERR] (HealthChecks.UI.Core.Notifications.WebHookFailureNotifier) The webhook notification has not executed successfully for "" webhook. The error code is NotFound.
2020-10-17T06:21:33.3755424-05:00 [WRN] (Microsoft.Extensions.Diagnostics.HealthChecks.DefaultHealthCheckService) Health check "Item/Pharmacy Endpoint" completed after 15.4276ms with status Degraded and '"Discover endpoint #0 is not responding with code in 200...299 range, the current status is NotFound."'
2020-10-17T06:21:33.3814451-05:00 [WRN] (Microsoft.Extensions.Diagnostics.HealthChecks.DefaultHealthCheckService) Health check "Authentication Endpoint" completed after 5.5986ms with status Degraded and '"Discover endpoint #0 is not responding with code in 200...299 range, the current status is NotFound."'
2020-10-17T06:21:33.4275844-05:00 [INF] (HealthChecks.UI.Core.Notifications.WebHookFailureNotifier) Notification is sent on same window time.
2020-10-17T06:21:43.5005141-05:00 [WRN] (Microsoft.Extensions.Diagnostics.HealthChecks.DefaultHealthCheckService) Health check "Item/Pharmacy Endpoint" completed after 20.239ms with status Degraded and '"Discover endpoint #0 is not responding with code in 200...299 range, the current status is NotFound."'
2020-10-17T06:21:43.5013843-05:00 [WRN] (Microsoft.Extensions.Diagnostics.HealthChecks.DefaultHealthCheckService) Health check "Authentication Endpoint" completed after 16.7003ms with status Degraded and '"Discover endpoint #0 is not responding with code in 200...299 range, the current status is NotFound."'
2020-10-17T06:21:43.5146241-05:00 [INF] (HealthChecks.UI.Core.Notifications.WebHookFailureNotifier) Notification is sent on same window time.
2020-10-17T06:21:53.5430983-05:00 [WRN] (Microsoft.Extensions.Diagnostics.HealthChecks.DefaultHealthCheckService) Health check "Authentication Endpoint" completed after 12.5015ms with status Degraded and '"Discover endpoint #0 is not responding with code in 200...299 range, the current status is NotFound."'
2020-10-17T06:21:53.5430874-05:00 [WRN] (Microsoft.Extensions.Diagnostics.HealthChecks.DefaultHealthCheckService) Health check "Item/Pharmacy Endpoint" completed after 12.1337ms with status Degraded and '"Discover endpoint #0 is not responding with code in 200...299 range, the current status is NotFound."'
2020-10-17T06:21:53.5745007-05:00 [INF] (HealthChecks.UI.Core.Notifications.WebHookFailureNotifier) Notification is sent on same window time.
2020-10-17T06:22:03.6006743-05:00 [WRN] (Microsoft.Extensions.Diagnostics.HealthChecks.DefaultHealthCheckService) Health check "Authentication Endpoint" completed after 7.1109ms with status Degraded and '"Discover endpoint #0 is not responding with code in 200...299 range, the current status is NotFound."'
2020-10-17T06:22:03.6023725-05:00 [WRN] (Microsoft.Extensions.Diagnostics.HealthChecks.DefaultHealthCheckService) Health check "Item/Pharmacy Endpoint" completed after 8.9345ms with status Degraded and '"Discover endpoint #0 is not responding with code in 200...299 range, the current status is NotFound."'
2020-10-17T06:22:03.6146191-05:00 [INF] (HealthChecks.UI.Core.Notifications.WebHookFailureNotifier) Notification is sent on same window time.
2020-10-17T06:22:13.6456277-05:00 [WRN] (Microsoft.Extensions.Diagnostics.HealthChecks.DefaultHealthCheckService) Health check "Item/Pharmacy Endpoint" completed after 9.7407ms with status Degraded and '"Discover endpoint #0 is not responding with code in 200...299 range, the current status is NotFound."'
2020-10-17T06:22:13.6466206-05:00 [WRN] (Microsoft.Extensions.Diagnostics.HealthChecks.DefaultHealthCheckService) Health check "Authentication Endpoint" completed after 13.0408ms with status Degraded and '"Discover endpoint #0 is not responding with code in 200...299 range, the current status is NotFound."'
2020-10-17T06:22:13.6680390-05:00 [INF] (HealthChecks.UI.Core.Notifications.WebHookFailureNotifier) Notification is sent on same window time.
2020-10-17T06:22:23.6877302-05:00 [WRN] (Microsoft.Extensions.Diagnostics.HealthChecks.DefaultHealthCheckService) Health check "Authentication Endpoint" completed after 6.7425ms with status Degraded and '"Discover endpoint #0 is not responding with code in 200...299 range, the current status is NotFound."'
2020-10-17T06:22:23.6895633-05:00 [WRN] (Microsoft.Extensions.Diagnostics.HealthChecks.DefaultHealthCheckService) Health check "Item/Pharmacy Endpoint" completed after 6.7555ms with status Degraded and '"Discover endpoint #0 is not responding with code in 200...299 range, the current status is NotFound."'
2020-10-17T06:22:23.7117110-05:00 [ERR] (HealthChecks.UI.Core.Notifications.WebHookFailureNotifier) The webhook notification has not executed successfully for "" webhook. The error code is NotFound.
2020-10-17T06:22:33.7331947-05:00 [WRN] (Microsoft.Extensions.Diagnostics.HealthChecks.DefaultHealthCheckService) Health check "Authentication Endpoint" completed after 5.3369ms with status Degraded and '"Discover endpoint #0 is not responding with code in 200...299 range, the current status is NotFound."'
2020-10-17T06:22:33.7348485-05:00 [WRN] (Microsoft.Extensions.Diagnostics.HealthChecks.DefaultHealthCheckService) Health check "Item/Pharmacy Endpoint" completed after 7.1407ms with status Degraded and '"Discover endpoint #0 is not responding with code in 200...299 range, the current status is NotFound."'
2020-10-17T06:22:33.7514159-05:00 [INF] (HealthChecks.UI.Core.Notifications.WebHookFailureNotifier) Notification is sent on same window time.
2020-10-17T06:22:43.7819027-05:00 [WRN] (Microsoft.Extensions.Diagnostics.HealthChecks.DefaultHealthCheckService) Health check "Authentication Endpoint" completed after 6.4869ms with status Degraded and '"Discover endpoint #0 is not responding with code in 200...299 range, the current status is NotFound."'
2020-10-17T06:22:43.7819931-05:00 [WRN] (Microsoft.Extensions.Diagnostics.HealthChecks.DefaultHealthCheckService) Health check "Item/Pharmacy Endpoint" completed after 7.3926ms with status Degraded and '"Discover endpoint #0 is not responding with code in 200...299 range, the current status is NotFound."'
2020-10-17T06:22:43.7948357-05:00 [INF] (HealthChecks.UI.Core.Notifications.WebHookFailureNotifier) Notification is sent on same window time.
2020-10-17T06:22:53.8822594-05:00 [WRN] (Microsoft.Extensions.Diagnostics.HealthChecks.DefaultHealthCheckService) Health check "Item/Pharmacy Endpoint" completed after 33.8469ms with status Degraded and '"Discover endpoint #0 is not responding with code in 200...299 range, the current status is NotFound."'
2020-10-17T06:22:53.8931766-05:00 [WRN] (Microsoft.Extensions.Diagnostics.HealthChecks.DefaultHealthCheckService) Health check "Authentication Endpoint" completed after 40.4215ms with status Degraded and '"Discover endpoint #0 is not responding with code in 200...299 range, the current status is NotFound."'
2020-10-17T06:22:53.9868772-05:00 [INF] (HealthChecks.UI.Core.Notifications.WebHookFailureNotifier) Notification is sent on same window time.
2020-10-17T06:23:04.0296642-05:00 [WRN] (Microsoft.Extensions.Diagnostics.HealthChecks.DefaultHealthCheckService) Health check "Authentication Endpoint" completed after 17.243ms with status Degraded and '"Discover endpoint #0 is not responding with code in 200...299 range, the current status is NotFound."'
2020-10-17T06:23:04.0424945-05:00 [WRN] (Microsoft.Extensions.Diagnostics.HealthChecks.DefaultHealthCheckService) Health check "Item/Pharmacy Endpoint" completed after 29.2398ms with status Degraded and '"Discover endpoint #0 is not responding with code in 200...299 range, the current status is NotFound."'
2020-10-17T06:23:04.0519305-05:00 [INF] (HealthChecks.UI.Core.Notifications.WebHookFailureNotifier) Notification is sent on same window time.
2020-10-17T06:23:14.0899530-05:00 [WRN] (Microsoft.Extensions.Diagnostics.HealthChecks.DefaultHealthCheckService) Health check "Item/Pharmacy Endpoint" completed after 19.3922ms with status Degraded and '"Discover endpoint #0 is not responding with code in 200...299 range, the current status is NotFound."'
2020-10-17T06:23:14.0899528-05:00 [WRN] (Microsoft.Extensions.Diagnostics.HealthChecks.DefaultHealthCheckService) Health check "Authentication Endpoint" completed after 19.4249ms with status Degraded and '"Discover endpoint #0 is not responding with code in 200...299 range, the current status is NotFound."'
2020-10-17T06:23:14.1020163-05:00 [INF] (HealthChecks.UI.Core.Notifications.WebHookFailureNotifier) Notification is sent on same window time.
2020-10-17T06:23:24.1568112-05:00 [WRN] (Microsoft.Extensions.Diagnostics.HealthChecks.DefaultHealthCheckService) Health check "Item/Pharmacy Endpoint" completed after 16.6072ms with status Degraded and '"Discover endpoint #0 is not responding with code in 200...299 range, the current status is NotFound."'
2020-10-17T06:23:24.1826707-05:00 [WRN] (Microsoft.Extensions.Diagnostics.HealthChecks.DefaultHealthCheckService) Health check "Authentication Endpoint" completed after 42.5375ms with status Degraded and '"Discover endpoint #0 is not responding with code in 200...299 range, the current status is NotFound."'
2020-10-17T06:23:24.2103908-05:00 [ERR] (HealthChecks.UI.Core.Notifications.WebHookFailureNotifier) The webhook notification has not executed successfully for "" webhook. The error code is NotFound.
