2020-10-16T00:02:40.9146834-05:00 [INF] (Emporos.API.Pharmacy.Program) Starting web host
2020-10-16T00:02:41.0705073-05:00 [INF] (HealthChecks.UI.Core.HostedService.UIInitializationHostedService) Initializing UI Database
2020-10-16T00:02:42.1727320-05:00 [INF] (HealthChecks.UI.Core.HostedService.UIInitializationHostedService) Saving healthchecks configuration to database
2020-10-16T00:03:43.2736489-05:00 [INF] (Emporos.API.Pharmacy.Program) Starting web host
2020-10-16T00:03:43.4442648-05:00 [INF] (HealthChecks.UI.Core.HostedService.UIInitializationHostedService) Initializing UI Database
2020-10-16T00:03:44.2730267-05:00 [INF] (HealthChecks.UI.Core.HostedService.UIInitializationHostedService) Saving healthchecks configuration to database
2020-10-16T00:05:58.1502733-05:00 [INF] (Emporos.API.Pharmacy.Program) Starting web host
2020-10-16T00:05:58.3070194-05:00 [INF] (HealthChecks.UI.Core.HostedService.UIInitializationHostedService) Initializing UI Database
2020-10-16T00:05:59.1233775-05:00 [INF] (HealthChecks.UI.Core.HostedService.UIInitializationHostedService) Saving healthchecks configuration to database
2020-10-16T00:13:37.0238636-05:00 [ERR] (Microsoft.AspNetCore.Diagnostics.DeveloperExceptionPageMiddleware) An unhandled exception has occurred while executing the request.
System.Data.SqlClient.SqlException (0x80131904): Invalid column name 'ItemNumber'.
Invalid column name 'IdVendor'.
Invalid column name 'UPC'.
Invalid column name 'ItemDescription'.
Invalid column name 'MinimumOrderQuantity'.
Invalid column name 'PurchaseUnitOfMeasure'.
Invalid column name 'ItemCost'.
   at System.Data.SqlClient.SqlCommand.<>c.<ExecuteDbDataReaderAsync>b__126_0(Task`1 result)
   at System.Threading.Tasks.ContinuationResultTaskFromResultTask`2.InnerInvoke()
   at System.Threading.ExecutionContext.RunInternal(ExecutionContext executionContext, ContextCallback callback, Object state)
--- End of stack trace from previous location where exception was thrown ---
   at System.Threading.Tasks.Task.ExecuteWithThreadLocal(Task& currentTaskSlot, Thread threadPoolThread)
--- End of stack trace from previous location where exception was thrown ---
   at Dapper.SqlMapper.QueryRowAsync[T](IDbConnection cnn, Row row, Type effectiveType, CommandDefinition command) in /_/Dapper/SqlMapper.Async.cs:line 483
   at Emporos.API.Pharmacy.Infraestructure.DbFactoryBase.DbQuerySingleAsync[T](String sql, Object parameters) in C:\Users\EDIAZR\source\repos\EmporosCodeTest\Emporos.API.Pharmacy\Infraestructure\DbFactoryBase.cs:line 32
   at Emporos.API.Pharmacy.Infraestructure.ItemRepository.CreateAsync(ItemTable entity) in C:\Users\EDIAZR\source\repos\EmporosCodeTest\Emporos.API.Pharmacy\Infraestructure\ItemRepository.cs:line 25
   at Emporos.API.Pharmacy.Domain.Internal.DomainService.CreateItem(CreateItemRequest createItemRequest) in C:\Users\EDIAZR\source\repos\EmporosCodeTest\Emporos.API.Pharmacy\Domain\Internal\DomainService.cs:line 41
   at Emporos.API.Pharmacy.Controllers.V1.PharmacyController.Create(CreateItemRequest request) in C:\Users\EDIAZR\source\repos\EmporosCodeTest\Emporos.API.Pharmacy\Controllers\V1\PharmacyController.cs:line 49
   at lambda_method(Closure , Object )
   at Microsoft.Extensions.Internal.ObjectMethodExecutorAwaitable.Awaiter.GetResult()
   at Microsoft.AspNetCore.Mvc.Infrastructure.ActionMethodExecutor.AwaitableObjectResultExecutor.Execute(IActionResultTypeMapper mapper, ObjectMethodExecutor executor, Object controller, Object[] arguments)
   at Microsoft.AspNetCore.Mvc.Infrastructure.ControllerActionInvoker.<InvokeActionMethodAsync>g__Logged|12_1(ControllerActionInvoker invoker)
   at Microsoft.AspNetCore.Mvc.Infrastructure.ControllerActionInvoker.<InvokeNextActionFilterAsync>g__Awaited|10_0(ControllerActionInvoker invoker, Task lastTask, State next, Scope scope, Object state, Boolean isCompleted)
   at Microsoft.AspNetCore.Mvc.Infrastructure.ControllerActionInvoker.Rethrow(ActionExecutedContextSealed context)
   at Microsoft.AspNetCore.Mvc.Infrastructure.ControllerActionInvoker.Next(State& next, Scope& scope, Object& state, Boolean& isCompleted)
   at Microsoft.AspNetCore.Mvc.Infrastructure.ControllerActionInvoker.<InvokeInnerFilterAsync>g__Awaited|13_0(ControllerActionInvoker invoker, Task lastTask, State next, Scope scope, Object state, Boolean isCompleted)
   at Microsoft.AspNetCore.Mvc.Infrastructure.ResourceInvoker.<InvokeFilterPipelineAsync>g__Awaited|19_0(ResourceInvoker invoker, Task lastTask, State next, Scope scope, Object state, Boolean isCompleted)
   at Microsoft.AspNetCore.Mvc.Infrastructure.ResourceInvoker.<InvokeAsync>g__Logged|17_1(ResourceInvoker invoker)
   at Microsoft.AspNetCore.Routing.EndpointMiddleware.<Invoke>g__AwaitRequestTask|6_0(Endpoint endpoint, Task requestTask, ILogger logger)
   at Microsoft.AspNetCore.Diagnostics.DeveloperExceptionPageMiddleware.Invoke(HttpContext context)
ClientConnectionId:78652f43-9b56-4653-ac09-f2d8fc5ade74
Error Number:207,State:1,Class:16
2020-10-16T00:14:21.2464455-05:00 [INF] (Emporos.API.Pharmacy.Program) Starting web host
2020-10-16T00:14:21.4606114-05:00 [INF] (HealthChecks.UI.Core.HostedService.UIInitializationHostedService) Initializing UI Database
2020-10-16T00:14:22.3773574-05:00 [INF] (HealthChecks.UI.Core.HostedService.UIInitializationHostedService) Saving healthchecks configuration to database
2020-10-16T00:30:03.4461978-05:00 [INF] (Emporos.API.Pharmacy.Program) Starting web host
2020-10-16T00:30:03.6110984-05:00 [INF] (HealthChecks.UI.Core.HostedService.UIInitializationHostedService) Initializing UI Database
2020-10-16T00:30:05.0564085-05:00 [INF] (HealthChecks.UI.Core.HostedService.UIInitializationHostedService) Saving healthchecks configuration to database
2020-10-16T00:30:06.1401860-05:00 [ERR] (Microsoft.AspNetCore.Diagnostics.DeveloperExceptionPageMiddleware) An unhandled exception has occurred while executing the request.
System.InvalidOperationException: The constraint reference 'long,IdVendor' could not be resolved to a type. Register the constraint type with 'Microsoft.AspNetCore.Routing.RouteOptions.ConstraintMap'.
   at Microsoft.AspNetCore.Routing.DefaultParameterPolicyFactory.Create(RoutePatternParameterPart parameter, String inlineText)
   at Microsoft.AspNetCore.Routing.ParameterPolicyFactory.Create(RoutePatternParameterPart parameter, RoutePatternParameterPolicyReference reference)
   at Microsoft.AspNetCore.Routing.Matching.DfaMatcherBuilder.CreateCandidate(Endpoint endpoint, Int32 score)
   at Microsoft.AspNetCore.Routing.Matching.DfaMatcherBuilder.CreateCandidates(IReadOnlyList`1 endpoints)
   at Microsoft.AspNetCore.Routing.Matching.DfaMatcherBuilder.AddNode(DfaNode node, DfaState[] states, Int32 exitDestination)
   at Microsoft.AspNetCore.Routing.Matching.DfaMatcherBuilder.AddNode(DfaNode node, DfaState[] states, Int32 exitDestination)
   at Microsoft.AspNetCore.Routing.Matching.DfaMatcherBuilder.<AddNode>g__Transition|26_0(DfaNode next, <>c__DisplayClass26_0& )
   at Microsoft.AspNetCore.Routing.Matching.DfaMatcherBuilder.AddNode(DfaNode node, DfaState[] states, Int32 exitDestination)
   at Microsoft.AspNetCore.Routing.Matching.DfaMatcherBuilder.AddNode(DfaNode node, DfaState[] states, Int32 exitDestination)
   at Microsoft.AspNetCore.Routing.Matching.DfaMatcherBuilder.AddNode(DfaNode node, DfaState[] states, Int32 exitDestination)
   at Microsoft.AspNetCore.Routing.Matching.DfaMatcherBuilder.AddNode(DfaNode node, DfaState[] states, Int32 exitDestination)
   at Microsoft.AspNetCore.Routing.Matching.DfaMatcherBuilder.Build()
   at Microsoft.AspNetCore.Routing.Matching.DataSourceDependentMatcher.CreateMatcher(IReadOnlyList`1 endpoints)
   at Microsoft.AspNetCore.Routing.DataSourceDependentCache`1.Initialize()
   at System.Threading.LazyInitializer.EnsureInitializedCore[T](T& target, Boolean& initialized, Object& syncLock, Func`1 valueFactory)
   at System.Threading.LazyInitializer.EnsureInitialized[T](T& target, Boolean& initialized, Object& syncLock, Func`1 valueFactory)
   at Microsoft.AspNetCore.Routing.Matching.DataSourceDependentMatcher..ctor(EndpointDataSource dataSource, Lifetime lifetime, Func`1 matcherBuilderFactory)
   at Microsoft.AspNetCore.Routing.Matching.DfaMatcherFactory.CreateMatcher(EndpointDataSource dataSource)
   at Microsoft.AspNetCore.Routing.EndpointRoutingMiddleware.InitializeCoreAsync()
--- End of stack trace from previous location where exception was thrown ---
   at Microsoft.AspNetCore.Routing.EndpointRoutingMiddleware.<Invoke>g__AwaitMatcher|8_0(EndpointRoutingMiddleware middleware, HttpContext httpContext, Task`1 matcherTask)
   at Microsoft.AspNetCore.Diagnostics.DeveloperExceptionPageMiddleware.Invoke(HttpContext context)
2020-10-16T00:30:06.5884473-05:00 [ERR] (HealthChecks.UI.Core.HostedService.HealthCheckReportCollector) GetHealthReport threw an exception when trying to get report from /healthcheck configured with name PollManager.
Newtonsoft.Json.JsonReaderException: Unexpected character encountered while parsing value: S. Path '', line 0, position 0.
   at Newtonsoft.Json.JsonTextReader.ParseValue()
   at Newtonsoft.Json.JsonReader.ReadAndMoveToContent()
   at Newtonsoft.Json.JsonReader.ReadForType(JsonContract contract, Boolean hasConverter)
   at Newtonsoft.Json.Serialization.JsonSerializerInternalReader.Deserialize(JsonReader reader, Type objectType, Boolean checkAdditionalContent)
   at Newtonsoft.Json.JsonSerializer.DeserializeInternal(JsonReader reader, Type objectType)
   at Newtonsoft.Json.JsonSerializer.Deserialize(JsonReader reader, Type objectType)
   at Newtonsoft.Json.JsonConvert.DeserializeObject(String value, Type type, JsonSerializerSettings settings)
   at Newtonsoft.Json.JsonConvert.DeserializeObject[T](String value, JsonSerializerSettings settings)
   at Newtonsoft.Json.JsonConvert.DeserializeObject[T](String value)
   at System.Net.Http.HttpResponseMessageExtensions.As[TContent](HttpResponseMessage response)
   at HealthChecks.UI.Core.HostedService.HealthCheckReportCollector.GetHealthReport(HealthCheckConfiguration configuration)
2020-10-16T00:30:07.2078259-05:00 [ERR] (Microsoft.AspNetCore.Diagnostics.DeveloperExceptionPageMiddleware) An unhandled exception has occurred while executing the request.
System.InvalidOperationException: The constraint reference 'long,IdVendor' could not be resolved to a type. Register the constraint type with 'Microsoft.AspNetCore.Routing.RouteOptions.ConstraintMap'.
   at Microsoft.AspNetCore.Routing.DefaultParameterPolicyFactory.Create(RoutePatternParameterPart parameter, String inlineText)
   at Microsoft.AspNetCore.Routing.ParameterPolicyFactory.Create(RoutePatternParameterPart parameter, RoutePatternParameterPolicyReference reference)
   at Microsoft.AspNetCore.Routing.Matching.DfaMatcherBuilder.CreateCandidate(Endpoint endpoint, Int32 score)
   at Microsoft.AspNetCore.Routing.Matching.DfaMatcherBuilder.CreateCandidates(IReadOnlyList`1 endpoints)
   at Microsoft.AspNetCore.Routing.Matching.DfaMatcherBuilder.AddNode(DfaNode node, DfaState[] states, Int32 exitDestination)
   at Microsoft.AspNetCore.Routing.Matching.DfaMatcherBuilder.AddNode(DfaNode node, DfaState[] states, Int32 exitDestination)
   at Microsoft.AspNetCore.Routing.Matching.DfaMatcherBuilder.<AddNode>g__Transition|26_0(DfaNode next, <>c__DisplayClass26_0& )
   at Microsoft.AspNetCore.Routing.Matching.DfaMatcherBuilder.AddNode(DfaNode node, DfaState[] states, Int32 exitDestination)
   at Microsoft.AspNetCore.Routing.Matching.DfaMatcherBuilder.AddNode(DfaNode node, DfaState[] states, Int32 exitDestination)
   at Microsoft.AspNetCore.Routing.Matching.DfaMatcherBuilder.AddNode(DfaNode node, DfaState[] states, Int32 exitDestination)
   at Microsoft.AspNetCore.Routing.Matching.DfaMatcherBuilder.AddNode(DfaNode node, DfaState[] states, Int32 exitDestination)
   at Microsoft.AspNetCore.Routing.Matching.DfaMatcherBuilder.Build()
   at Microsoft.AspNetCore.Routing.Matching.DataSourceDependentMatcher.CreateMatcher(IReadOnlyList`1 endpoints)
   at Microsoft.AspNetCore.Routing.DataSourceDependentCache`1.Initialize()
   at System.Threading.LazyInitializer.EnsureInitializedCore[T](T& target, Boolean& initialized, Object& syncLock, Func`1 valueFactory)
   at System.Threading.LazyInitializer.EnsureInitialized[T](T& target, Boolean& initialized, Object& syncLock, Func`1 valueFactory)
   at Microsoft.AspNetCore.Routing.Matching.DataSourceDependentMatcher..ctor(EndpointDataSource dataSource, Lifetime lifetime, Func`1 matcherBuilderFactory)
   at Microsoft.AspNetCore.Routing.Matching.DfaMatcherFactory.CreateMatcher(EndpointDataSource dataSource)
   at Microsoft.AspNetCore.Routing.EndpointRoutingMiddleware.InitializeCoreAsync()
--- End of stack trace from previous location where exception was thrown ---
   at Microsoft.AspNetCore.Routing.EndpointRoutingMiddleware.<Invoke>g__AwaitMatcher|8_0(EndpointRoutingMiddleware middleware, HttpContext httpContext, Task`1 matcherTask)
   at Microsoft.AspNetCore.Diagnostics.DeveloperExceptionPageMiddleware.Invoke(HttpContext context)
2020-10-16T00:30:07.2557102-05:00 [ERR] (Microsoft.AspNetCore.Diagnostics.DeveloperExceptionPageMiddleware) An unhandled exception has occurred while executing the request.
System.InvalidOperationException: The constraint reference 'long,IdVendor' could not be resolved to a type. Register the constraint type with 'Microsoft.AspNetCore.Routing.RouteOptions.ConstraintMap'.
   at Microsoft.AspNetCore.Routing.DefaultParameterPolicyFactory.Create(RoutePatternParameterPart parameter, String inlineText)
   at Microsoft.AspNetCore.Routing.ParameterPolicyFactory.Create(RoutePatternParameterPart parameter, RoutePatternParameterPolicyReference reference)
   at Microsoft.AspNetCore.Routing.Matching.DfaMatcherBuilder.CreateCandidate(Endpoint endpoint, Int32 score)
   at Microsoft.AspNetCore.Routing.Matching.DfaMatcherBuilder.CreateCandidates(IReadOnlyList`1 endpoints)
   at Microsoft.AspNetCore.Routing.Matching.DfaMatcherBuilder.AddNode(DfaNode node, DfaState[] states, Int32 exitDestination)
   at Microsoft.AspNetCore.Routing.Matching.DfaMatcherBuilder.AddNode(DfaNode node, DfaState[] states, Int32 exitDestination)
   at Microsoft.AspNetCore.Routing.Matching.DfaMatcherBuilder.<AddNode>g__Transition|26_0(DfaNode next, <>c__DisplayClass26_0& )
   at Microsoft.AspNetCore.Routing.Matching.DfaMatcherBuilder.AddNode(DfaNode node, DfaState[] states, Int32 exitDestination)
   at Microsoft.AspNetCore.Routing.Matching.DfaMatcherBuilder.AddNode(DfaNode node, DfaState[] states, Int32 exitDestination)
   at Microsoft.AspNetCore.Routing.Matching.DfaMatcherBuilder.AddNode(DfaNode node, DfaState[] states, Int32 exitDestination)
   at Microsoft.AspNetCore.Routing.Matching.DfaMatcherBuilder.AddNode(DfaNode node, DfaState[] states, Int32 exitDestination)
   at Microsoft.AspNetCore.Routing.Matching.DfaMatcherBuilder.Build()
   at Microsoft.AspNetCore.Routing.Matching.DataSourceDependentMatcher.CreateMatcher(IReadOnlyList`1 endpoints)
   at Microsoft.AspNetCore.Routing.DataSourceDependentCache`1.Initialize()
   at System.Threading.LazyInitializer.EnsureInitializedCore[T](T& target, Boolean& initialized, Object& syncLock, Func`1 valueFactory)
   at System.Threading.LazyInitializer.EnsureInitialized[T](T& target, Boolean& initialized, Object& syncLock, Func`1 valueFactory)
   at Microsoft.AspNetCore.Routing.Matching.DataSourceDependentMatcher..ctor(EndpointDataSource dataSource, Lifetime lifetime, Func`1 matcherBuilderFactory)
   at Microsoft.AspNetCore.Routing.Matching.DfaMatcherFactory.CreateMatcher(EndpointDataSource dataSource)
   at Microsoft.AspNetCore.Routing.EndpointRoutingMiddleware.InitializeCoreAsync()
--- End of stack trace from previous location where exception was thrown ---
   at Microsoft.AspNetCore.Routing.EndpointRoutingMiddleware.<Invoke>g__AwaitMatcher|8_0(EndpointRoutingMiddleware middleware, HttpContext httpContext, Task`1 matcherTask)
   at Microsoft.AspNetCore.Diagnostics.DeveloperExceptionPageMiddleware.Invoke(HttpContext context)
2020-10-16T00:30:07.3100984-05:00 [ERR] (HealthChecks.UI.Core.Notifications.WebHookFailureNotifier) The webhook notification has not executed successfully for "" webhook. The error code is InternalServerError.
2020-10-16T00:30:17.6920252-05:00 [ERR] (Microsoft.AspNetCore.Diagnostics.DeveloperExceptionPageMiddleware) An unhandled exception has occurred while executing the request.
System.InvalidOperationException: The constraint reference 'long,IdVendor' could not be resolved to a type. Register the constraint type with 'Microsoft.AspNetCore.Routing.RouteOptions.ConstraintMap'.
   at Microsoft.AspNetCore.Routing.DefaultParameterPolicyFactory.Create(RoutePatternParameterPart parameter, String inlineText)
   at Microsoft.AspNetCore.Routing.ParameterPolicyFactory.Create(RoutePatternParameterPart parameter, RoutePatternParameterPolicyReference reference)
   at Microsoft.AspNetCore.Routing.Matching.DfaMatcherBuilder.CreateCandidate(Endpoint endpoint, Int32 score)
   at Microsoft.AspNetCore.Routing.Matching.DfaMatcherBuilder.CreateCandidates(IReadOnlyList`1 endpoints)
   at Microsoft.AspNetCore.Routing.Matching.DfaMatcherBuilder.AddNode(DfaNode node, DfaState[] states, Int32 exitDestination)
   at Microsoft.AspNetCore.Routing.Matching.DfaMatcherBuilder.AddNode(DfaNode node, DfaState[] states, Int32 exitDestination)
   at Microsoft.AspNetCore.Routing.Matching.DfaMatcherBuilder.<AddNode>g__Transition|26_0(DfaNode next, <>c__DisplayClass26_0& )
   at Microsoft.AspNetCore.Routing.Matching.DfaMatcherBuilder.AddNode(DfaNode node, DfaState[] states, Int32 exitDestination)
   at Microsoft.AspNetCore.Routing.Matching.DfaMatcherBuilder.AddNode(DfaNode node, DfaState[] states, Int32 exitDestination)
   at Microsoft.AspNetCore.Routing.Matching.DfaMatcherBuilder.AddNode(DfaNode node, DfaState[] states, Int32 exitDestination)
   at Microsoft.AspNetCore.Routing.Matching.DfaMatcherBuilder.AddNode(DfaNode node, DfaState[] states, Int32 exitDestination)
   at Microsoft.AspNetCore.Routing.Matching.DfaMatcherBuilder.Build()
   at Microsoft.AspNetCore.Routing.Matching.DataSourceDependentMatcher.CreateMatcher(IReadOnlyList`1 endpoints)
   at Microsoft.AspNetCore.Routing.DataSourceDependentCache`1.Initialize()
   at System.Threading.LazyInitializer.EnsureInitializedCore[T](T& target, Boolean& initialized, Object& syncLock, Func`1 valueFactory)
   at System.Threading.LazyInitializer.EnsureInitialized[T](T& target, Boolean& initialized, Object& syncLock, Func`1 valueFactory)
   at Microsoft.AspNetCore.Routing.Matching.DataSourceDependentMatcher..ctor(EndpointDataSource dataSource, Lifetime lifetime, Func`1 matcherBuilderFactory)
   at Microsoft.AspNetCore.Routing.Matching.DfaMatcherFactory.CreateMatcher(EndpointDataSource dataSource)
   at Microsoft.AspNetCore.Routing.EndpointRoutingMiddleware.InitializeCoreAsync()
--- End of stack trace from previous location where exception was thrown ---
   at Microsoft.AspNetCore.Routing.EndpointRoutingMiddleware.<Invoke>g__AwaitMatcher|8_0(EndpointRoutingMiddleware middleware, HttpContext httpContext, Task`1 matcherTask)
   at Microsoft.AspNetCore.Diagnostics.DeveloperExceptionPageMiddleware.Invoke(HttpContext context)
2020-10-16T00:30:17.7663107-05:00 [ERR] (HealthChecks.UI.Core.HostedService.HealthCheckReportCollector) GetHealthReport threw an exception when trying to get report from /healthcheck configured with name PollManager.
Newtonsoft.Json.JsonReaderException: Unexpected character encountered while parsing value: S. Path '', line 0, position 0.
   at Newtonsoft.Json.JsonTextReader.ParseValue()
   at Newtonsoft.Json.JsonReader.ReadAndMoveToContent()
   at Newtonsoft.Json.JsonReader.ReadForType(JsonContract contract, Boolean hasConverter)
   at Newtonsoft.Json.Serialization.JsonSerializerInternalReader.Deserialize(JsonReader reader, Type objectType, Boolean checkAdditionalContent)
   at Newtonsoft.Json.JsonSerializer.DeserializeInternal(JsonReader reader, Type objectType)
   at Newtonsoft.Json.JsonSerializer.Deserialize(JsonReader reader, Type objectType)
   at Newtonsoft.Json.JsonConvert.DeserializeObject(String value, Type type, JsonSerializerSettings settings)
   at Newtonsoft.Json.JsonConvert.DeserializeObject[T](String value, JsonSerializerSettings settings)
   at Newtonsoft.Json.JsonConvert.DeserializeObject[T](String value)
   at System.Net.Http.HttpResponseMessageExtensions.As[TContent](HttpResponseMessage response)
   at HealthChecks.UI.Core.HostedService.HealthCheckReportCollector.GetHealthReport(HealthCheckConfiguration configuration)
2020-10-16T00:30:17.8018823-05:00 [INF] (HealthChecks.UI.Core.Notifications.WebHookFailureNotifier) Notification is sent on same window time.
2020-10-16T00:30:53.5218846-05:00 [INF] (Emporos.API.Pharmacy.Program) Starting web host
2020-10-16T00:30:53.7344481-05:00 [INF] (HealthChecks.UI.Core.HostedService.UIInitializationHostedService) Initializing UI Database
2020-10-16T00:30:54.9795166-05:00 [INF] (HealthChecks.UI.Core.HostedService.UIInitializationHostedService) Saving healthchecks configuration to database
2020-10-16T00:35:10.8792077-05:00 [INF] (Emporos.API.Pharmacy.Program) Starting web host
2020-10-16T00:35:11.0390720-05:00 [INF] (HealthChecks.UI.Core.HostedService.UIInitializationHostedService) Initializing UI Database
2020-10-16T00:35:11.8966315-05:00 [INF] (HealthChecks.UI.Core.HostedService.UIInitializationHostedService) Saving healthchecks configuration to database
2020-10-16T00:37:18.2230437-05:00 [INF] (Emporos.API.Pharmacy.Program) Starting web host
2020-10-16T00:37:18.3743284-05:00 [INF] (HealthChecks.UI.Core.HostedService.UIInitializationHostedService) Initializing UI Database
2020-10-16T00:37:19.1929374-05:00 [INF] (HealthChecks.UI.Core.HostedService.UIInitializationHostedService) Saving healthchecks configuration to database
2020-10-16T00:38:43.9454854-05:00 [INF] (Emporos.API.Pharmacy.Program) Starting web host
2020-10-16T00:38:44.1063811-05:00 [INF] (HealthChecks.UI.Core.HostedService.UIInitializationHostedService) Initializing UI Database
2020-10-16T00:38:44.9185182-05:00 [INF] (HealthChecks.UI.Core.HostedService.UIInitializationHostedService) Saving healthchecks configuration to database
2020-10-16T01:31:03.3458575-05:00 [INF] (Emporos.API.Pharmacy.Program) Starting web host
2020-10-16T01:31:03.6125871-05:00 [INF] (HealthChecks.UI.Core.HostedService.UIInitializationHostedService) Initializing UI Database
2020-10-16T01:31:04.7396188-05:00 [INF] (HealthChecks.UI.Core.HostedService.UIInitializationHostedService) Saving healthchecks configuration to database
2020-10-16T01:31:07.3932548-05:00 [ERR] (Microsoft.AspNetCore.Diagnostics.DeveloperExceptionPageMiddleware) An unhandled exception has occurred while executing the request.
Swashbuckle.AspNetCore.SwaggerGen.SwaggerGeneratorException: Ambiguous HTTP method for action - Emporos.API.Pharmacy.Controllers.V1.PharmacyController.Put (Emporos.API.Pharmacy). Actions require an explicit HttpMethod binding for Swagger/OpenAPI 3.0
   at Swashbuckle.AspNetCore.SwaggerGen.SwaggerGenerator.GenerateOperations(IEnumerable`1 apiDescriptions, SchemaRepository schemaRepository)
   at Swashbuckle.AspNetCore.SwaggerGen.SwaggerGenerator.GeneratePaths(IEnumerable`1 apiDescriptions, SchemaRepository schemaRepository)
   at Swashbuckle.AspNetCore.SwaggerGen.SwaggerGenerator.GetSwagger(String documentName, String host, String basePath)
   at Swashbuckle.AspNetCore.Swagger.SwaggerMiddleware.Invoke(HttpContext httpContext, ISwaggerProvider swaggerProvider)
   at Microsoft.AspNetCore.Diagnostics.DeveloperExceptionPageMiddleware.Invoke(HttpContext context)
2020-10-16T01:34:49.9919926-05:00 [INF] (Emporos.API.Pharmacy.Program) Starting web host
2020-10-16T01:34:50.1380516-05:00 [INF] (HealthChecks.UI.Core.HostedService.UIInitializationHostedService) Initializing UI Database
2020-10-16T01:34:50.9543730-05:00 [INF] (HealthChecks.UI.Core.HostedService.UIInitializationHostedService) Saving healthchecks configuration to database
2020-10-16T01:34:53.5930127-05:00 [ERR] (Microsoft.AspNetCore.Diagnostics.DeveloperExceptionPageMiddleware) An unhandled exception has occurred while executing the request.
Swashbuckle.AspNetCore.SwaggerGen.SwaggerGeneratorException: Ambiguous HTTP method for action - Emporos.API.Pharmacy.Controllers.V1.PharmacyController.Put (Emporos.API.Pharmacy). Actions require an explicit HttpMethod binding for Swagger/OpenAPI 3.0
   at Swashbuckle.AspNetCore.SwaggerGen.SwaggerGenerator.GenerateOperations(IEnumerable`1 apiDescriptions, SchemaRepository schemaRepository)
   at Swashbuckle.AspNetCore.SwaggerGen.SwaggerGenerator.GeneratePaths(IEnumerable`1 apiDescriptions, SchemaRepository schemaRepository)
   at Swashbuckle.AspNetCore.SwaggerGen.SwaggerGenerator.GetSwagger(String documentName, String host, String basePath)
   at Swashbuckle.AspNetCore.Swagger.SwaggerMiddleware.Invoke(HttpContext httpContext, ISwaggerProvider swaggerProvider)
   at Microsoft.AspNetCore.Diagnostics.DeveloperExceptionPageMiddleware.Invoke(HttpContext context)
2020-10-16T01:36:16.6293004-05:00 [INF] (Emporos.API.Pharmacy.Program) Starting web host
2020-10-16T01:36:16.7970886-05:00 [INF] (HealthChecks.UI.Core.HostedService.UIInitializationHostedService) Initializing UI Database
2020-10-16T01:36:17.6076505-05:00 [INF] (HealthChecks.UI.Core.HostedService.UIInitializationHostedService) Saving healthchecks configuration to database
2020-10-16T01:36:19.9074205-05:00 [ERR] (Microsoft.AspNetCore.Diagnostics.DeveloperExceptionPageMiddleware) An unhandled exception has occurred while executing the request.
Swashbuckle.AspNetCore.SwaggerGen.SwaggerGeneratorException: Ambiguous HTTP method for action - Emporos.API.Pharmacy.Controllers.V1.PharmacyController.Put (Emporos.API.Pharmacy). Actions require an explicit HttpMethod binding for Swagger/OpenAPI 3.0
   at Swashbuckle.AspNetCore.SwaggerGen.SwaggerGenerator.GenerateOperations(IEnumerable`1 apiDescriptions, SchemaRepository schemaRepository)
   at Swashbuckle.AspNetCore.SwaggerGen.SwaggerGenerator.GeneratePaths(IEnumerable`1 apiDescriptions, SchemaRepository schemaRepository)
   at Swashbuckle.AspNetCore.SwaggerGen.SwaggerGenerator.GetSwagger(String documentName, String host, String basePath)
   at Swashbuckle.AspNetCore.Swagger.SwaggerMiddleware.Invoke(HttpContext httpContext, ISwaggerProvider swaggerProvider)
   at Microsoft.AspNetCore.Diagnostics.DeveloperExceptionPageMiddleware.Invoke(HttpContext context)
2020-10-16T01:37:30.0955498-05:00 [INF] (Emporos.API.Pharmacy.Program) Starting web host
2020-10-16T01:37:30.2528527-05:00 [INF] (HealthChecks.UI.Core.HostedService.UIInitializationHostedService) Initializing UI Database
2020-10-16T01:37:31.0845490-05:00 [INF] (HealthChecks.UI.Core.HostedService.UIInitializationHostedService) Saving healthchecks configuration to database
2020-10-16T01:37:33.9140390-05:00 [ERR] (Microsoft.AspNetCore.Diagnostics.DeveloperExceptionPageMiddleware) An unhandled exception has occurred while executing the request.
Swashbuckle.AspNetCore.SwaggerGen.SwaggerGeneratorException: Ambiguous HTTP method for action - Emporos.API.Pharmacy.Controllers.V1.PharmacyController.Put (Emporos.API.Pharmacy). Actions require an explicit HttpMethod binding for Swagger/OpenAPI 3.0
   at Swashbuckle.AspNetCore.SwaggerGen.SwaggerGenerator.GenerateOperations(IEnumerable`1 apiDescriptions, SchemaRepository schemaRepository)
   at Swashbuckle.AspNetCore.SwaggerGen.SwaggerGenerator.GeneratePaths(IEnumerable`1 apiDescriptions, SchemaRepository schemaRepository)
   at Swashbuckle.AspNetCore.SwaggerGen.SwaggerGenerator.GetSwagger(String documentName, String host, String basePath)
   at Swashbuckle.AspNetCore.Swagger.SwaggerMiddleware.Invoke(HttpContext httpContext, ISwaggerProvider swaggerProvider)
   at Microsoft.AspNetCore.Diagnostics.DeveloperExceptionPageMiddleware.Invoke(HttpContext context)
2020-10-16T01:38:46.5179661-05:00 [INF] (Emporos.API.Pharmacy.Program) Starting web host
2020-10-16T01:38:46.6870865-05:00 [INF] (HealthChecks.UI.Core.HostedService.UIInitializationHostedService) Initializing UI Database
2020-10-16T01:38:47.8183147-05:00 [INF] (HealthChecks.UI.Core.HostedService.UIInitializationHostedService) Saving healthchecks configuration to database
2020-10-16T01:39:35.5919855-05:00 [INF] (Emporos.API.Pharmacy.Program) Starting web host
2020-10-16T01:39:35.7757170-05:00 [INF] (HealthChecks.UI.Core.HostedService.UIInitializationHostedService) Initializing UI Database
2020-10-16T01:39:37.2967522-05:00 [INF] (HealthChecks.UI.Core.HostedService.UIInitializationHostedService) Saving healthchecks configuration to database
2020-10-16T01:39:39.7900680-05:00 [ERR] (Microsoft.AspNetCore.Diagnostics.DeveloperExceptionPageMiddleware) An unhandled exception has occurred while executing the request.
Swashbuckle.AspNetCore.SwaggerGen.SwaggerGeneratorException: Ambiguous HTTP method for action - Emporos.API.Pharmacy.Controllers.V1.PharmacyController.Put (Emporos.API.Pharmacy). Actions require an explicit HttpMethod binding for Swagger/OpenAPI 3.0
   at Swashbuckle.AspNetCore.SwaggerGen.SwaggerGenerator.GenerateOperations(IEnumerable`1 apiDescriptions, SchemaRepository schemaRepository)
   at Swashbuckle.AspNetCore.SwaggerGen.SwaggerGenerator.GeneratePaths(IEnumerable`1 apiDescriptions, SchemaRepository schemaRepository)
   at Swashbuckle.AspNetCore.SwaggerGen.SwaggerGenerator.GetSwagger(String documentName, String host, String basePath)
   at Swashbuckle.AspNetCore.Swagger.SwaggerMiddleware.Invoke(HttpContext httpContext, ISwaggerProvider swaggerProvider)
   at Microsoft.AspNetCore.Diagnostics.DeveloperExceptionPageMiddleware.Invoke(HttpContext context)
2020-10-16T01:41:07.5920386-05:00 [INF] (Emporos.API.Pharmacy.Program) Starting web host
2020-10-16T01:41:07.7289750-05:00 [INF] (HealthChecks.UI.Core.HostedService.UIInitializationHostedService) Initializing UI Database
2020-10-16T01:41:08.5565417-05:00 [INF] (HealthChecks.UI.Core.HostedService.UIInitializationHostedService) Saving healthchecks configuration to database
2020-10-16T01:44:11.4502628-05:00 [INF] (Emporos.API.Pharmacy.Program) Starting web host
2020-10-16T01:44:11.6054515-05:00 [INF] (HealthChecks.UI.Core.HostedService.UIInitializationHostedService) Initializing UI Database
2020-10-16T01:44:12.5892257-05:00 [INF] (HealthChecks.UI.Core.HostedService.UIInitializationHostedService) Saving healthchecks configuration to database
2020-10-16T01:45:24.7301196-05:00 [INF] (Emporos.API.Pharmacy.Program) Starting web host
2020-10-16T01:45:24.9016320-05:00 [INF] (HealthChecks.UI.Core.HostedService.UIInitializationHostedService) Initializing UI Database
2020-10-16T01:45:25.9203636-05:00 [INF] (HealthChecks.UI.Core.HostedService.UIInitializationHostedService) Saving healthchecks configuration to database
2020-10-16T21:25:09.0289471-05:00 [INF] (Emporos.API.Pharmacy.Program) Starting web host
2020-10-16T21:25:09.1736461-05:00 [INF] (HealthChecks.UI.Core.HostedService.UIInitializationHostedService) Initializing UI Database
2020-10-16T21:25:10.0332572-05:00 [INF] (HealthChecks.UI.Core.HostedService.UIInitializationHostedService) Saving healthchecks configuration to database
2020-10-16T21:25:40.0482460-05:00 [ERR] (Microsoft.AspNetCore.Diagnostics.DeveloperExceptionPageMiddleware) An unhandled exception has occurred while executing the request.
System.NullReferenceException: Object reference not set to an instance of an object.
   at Emporos.API.Pharmacy.Controllers.V1.ItemController.Post(CreateItemRequest request) in C:\Users\EDIAZR\source\repos\EmporosCodeTest\Emporos.API.Pharmacy\Controllers\V1\ItemController.cs:line 63
   at lambda_method(Closure , Object )
   at Microsoft.Extensions.Internal.ObjectMethodExecutorAwaitable.Awaiter.GetResult()
   at Microsoft.AspNetCore.Mvc.Infrastructure.ActionMethodExecutor.AwaitableObjectResultExecutor.Execute(IActionResultTypeMapper mapper, ObjectMethodExecutor executor, Object controller, Object[] arguments)
   at Microsoft.AspNetCore.Mvc.Infrastructure.ControllerActionInvoker.<InvokeActionMethodAsync>g__Logged|12_1(ControllerActionInvoker invoker)
   at Microsoft.AspNetCore.Mvc.Infrastructure.ControllerActionInvoker.<InvokeNextActionFilterAsync>g__Awaited|10_0(ControllerActionInvoker invoker, Task lastTask, State next, Scope scope, Object state, Boolean isCompleted)
   at Microsoft.AspNetCore.Mvc.Infrastructure.ControllerActionInvoker.Rethrow(ActionExecutedContextSealed context)
   at Microsoft.AspNetCore.Mvc.Infrastructure.ControllerActionInvoker.Next(State& next, Scope& scope, Object& state, Boolean& isCompleted)
   at Microsoft.AspNetCore.Mvc.Infrastructure.ControllerActionInvoker.InvokeInnerFilterAsync()
--- End of stack trace from previous location where exception was thrown ---
   at Microsoft.AspNetCore.Mvc.Infrastructure.ResourceInvoker.<InvokeFilterPipelineAsync>g__Awaited|19_0(ResourceInvoker invoker, Task lastTask, State next, Scope scope, Object state, Boolean isCompleted)
   at Microsoft.AspNetCore.Mvc.Infrastructure.ResourceInvoker.<InvokeAsync>g__Logged|17_1(ResourceInvoker invoker)
   at Microsoft.AspNetCore.Routing.EndpointMiddleware.<Invoke>g__AwaitRequestTask|6_0(Endpoint endpoint, Task requestTask, ILogger logger)
   at Microsoft.AspNetCore.Diagnostics.DeveloperExceptionPageMiddleware.Invoke(HttpContext context)
2020-10-16T21:26:26.3702518-05:00 [ERR] (Microsoft.AspNetCore.Diagnostics.DeveloperExceptionPageMiddleware) An unhandled exception has occurred while executing the request.
System.NullReferenceException: Object reference not set to an instance of an object.
   at Emporos.API.Pharmacy.Controllers.V1.ItemController.Post(CreateItemRequest request) in C:\Users\EDIAZR\source\repos\EmporosCodeTest\Emporos.API.Pharmacy\Controllers\V1\ItemController.cs:line 63
   at lambda_method(Closure , Object )
   at Microsoft.Extensions.Internal.ObjectMethodExecutorAwaitable.Awaiter.GetResult()
   at Microsoft.AspNetCore.Mvc.Infrastructure.ActionMethodExecutor.AwaitableObjectResultExecutor.Execute(IActionResultTypeMapper mapper, ObjectMethodExecutor executor, Object controller, Object[] arguments)
   at Microsoft.AspNetCore.Mvc.Infrastructure.ControllerActionInvoker.<InvokeActionMethodAsync>g__Logged|12_1(ControllerActionInvoker invoker)
   at Microsoft.AspNetCore.Mvc.Infrastructure.ControllerActionInvoker.<InvokeNextActionFilterAsync>g__Awaited|10_0(ControllerActionInvoker invoker, Task lastTask, State next, Scope scope, Object state, Boolean isCompleted)
   at Microsoft.AspNetCore.Mvc.Infrastructure.ControllerActionInvoker.Rethrow(ActionExecutedContextSealed context)
   at Microsoft.AspNetCore.Mvc.Infrastructure.ControllerActionInvoker.Next(State& next, Scope& scope, Object& state, Boolean& isCompleted)
   at Microsoft.AspNetCore.Mvc.Infrastructure.ControllerActionInvoker.InvokeInnerFilterAsync()
--- End of stack trace from previous location where exception was thrown ---
   at Microsoft.AspNetCore.Mvc.Infrastructure.ResourceInvoker.<InvokeFilterPipelineAsync>g__Awaited|19_0(ResourceInvoker invoker, Task lastTask, State next, Scope scope, Object state, Boolean isCompleted)
   at Microsoft.AspNetCore.Mvc.Infrastructure.ResourceInvoker.<InvokeAsync>g__Logged|17_1(ResourceInvoker invoker)
   at Microsoft.AspNetCore.Routing.EndpointMiddleware.<Invoke>g__AwaitRequestTask|6_0(Endpoint endpoint, Task requestTask, ILogger logger)
   at Microsoft.AspNetCore.Diagnostics.DeveloperExceptionPageMiddleware.Invoke(HttpContext context)
2020-10-16T21:27:46.5226938-05:00 [ERR] (Microsoft.AspNetCore.Diagnostics.DeveloperExceptionPageMiddleware) An unhandled exception has occurred while executing the request.
System.NullReferenceException: Object reference not set to an instance of an object.
   at Emporos.API.Pharmacy.Controllers.V1.ItemController.Post(CreateItemRequest request) in C:\Users\EDIAZR\source\repos\EmporosCodeTest\Emporos.API.Pharmacy\Controllers\V1\ItemController.cs:line 63
   at lambda_method(Closure , Object )
   at Microsoft.Extensions.Internal.ObjectMethodExecutorAwaitable.Awaiter.GetResult()
   at Microsoft.AspNetCore.Mvc.Infrastructure.ActionMethodExecutor.AwaitableObjectResultExecutor.Execute(IActionResultTypeMapper mapper, ObjectMethodExecutor executor, Object controller, Object[] arguments)
   at Microsoft.AspNetCore.Mvc.Infrastructure.ControllerActionInvoker.<InvokeActionMethodAsync>g__Logged|12_1(ControllerActionInvoker invoker)
   at Microsoft.AspNetCore.Mvc.Infrastructure.ControllerActionInvoker.<InvokeNextActionFilterAsync>g__Awaited|10_0(ControllerActionInvoker invoker, Task lastTask, State next, Scope scope, Object state, Boolean isCompleted)
   at Microsoft.AspNetCore.Mvc.Infrastructure.ControllerActionInvoker.Rethrow(ActionExecutedContextSealed context)
   at Microsoft.AspNetCore.Mvc.Infrastructure.ControllerActionInvoker.Next(State& next, Scope& scope, Object& state, Boolean& isCompleted)
   at Microsoft.AspNetCore.Mvc.Infrastructure.ControllerActionInvoker.InvokeInnerFilterAsync()
--- End of stack trace from previous location where exception was thrown ---
   at Microsoft.AspNetCore.Mvc.Infrastructure.ResourceInvoker.<InvokeFilterPipelineAsync>g__Awaited|19_0(ResourceInvoker invoker, Task lastTask, State next, Scope scope, Object state, Boolean isCompleted)
   at Microsoft.AspNetCore.Mvc.Infrastructure.ResourceInvoker.<InvokeAsync>g__Logged|17_1(ResourceInvoker invoker)
   at Microsoft.AspNetCore.Routing.EndpointMiddleware.<Invoke>g__AwaitRequestTask|6_0(Endpoint endpoint, Task requestTask, ILogger logger)
   at Microsoft.AspNetCore.Diagnostics.DeveloperExceptionPageMiddleware.Invoke(HttpContext context)
2020-10-16T21:45:44.8127688-05:00 [INF] (Emporos.API.Pharmacy.Program) Starting web host
2020-10-16T21:45:44.9498652-05:00 [INF] (HealthChecks.UI.Core.HostedService.UIInitializationHostedService) Initializing UI Database
2020-10-16T21:45:45.7275932-05:00 [INF] (HealthChecks.UI.Core.HostedService.UIInitializationHostedService) Saving healthchecks configuration to database
2020-10-16T21:47:21.8844539-05:00 [INF] (Emporos.API.Pharmacy.Program) Starting web host
2020-10-16T21:47:22.0640367-05:00 [INF] (HealthChecks.UI.Core.HostedService.UIInitializationHostedService) Initializing UI Database
2020-10-16T21:47:23.1003367-05:00 [INF] (HealthChecks.UI.Core.HostedService.UIInitializationHostedService) Saving healthchecks configuration to database
2020-10-16T21:48:41.9058717-05:00 [INF] (Emporos.API.Pharmacy.Program) Starting web host
2020-10-16T21:48:42.0649136-05:00 [INF] (HealthChecks.UI.Core.HostedService.UIInitializationHostedService) Initializing UI Database
2020-10-16T21:48:42.9782542-05:00 [INF] (HealthChecks.UI.Core.HostedService.UIInitializationHostedService) Saving healthchecks configuration to database
2020-10-16T21:50:02.2341454-05:00 [INF] (Emporos.API.Pharmacy.Program) Starting web host
2020-10-16T21:50:02.3904259-05:00 [INF] (HealthChecks.UI.Core.HostedService.UIInitializationHostedService) Initializing UI Database
2020-10-16T21:50:03.3839838-05:00 [INF] (HealthChecks.UI.Core.HostedService.UIInitializationHostedService) Saving healthchecks configuration to database
2020-10-16T21:50:12.9374910-05:00 [ERR] (Hellang.Middleware.ProblemDetails.ProblemDetailsMiddleware) An unhandled exception has occurred while executing the request.
System.Exception: Exception of type 'System.Exception' was thrown.
   at Emporos.API.Pharmacy.Controllers.V1.ItemController.Post(CreateItemRequest request) in C:\Users\EDIAZR\source\repos\EmporosCodeTest\Emporos.API.Pharmacy\Controllers\V1\ItemController.cs:line 63
   at lambda_method(Closure , Object )
   at Microsoft.Extensions.Internal.ObjectMethodExecutorAwaitable.Awaiter.GetResult()
   at Microsoft.AspNetCore.Mvc.Infrastructure.ActionMethodExecutor.AwaitableObjectResultExecutor.Execute(IActionResultTypeMapper mapper, ObjectMethodExecutor executor, Object controller, Object[] arguments)
   at Microsoft.AspNetCore.Mvc.Infrastructure.ControllerActionInvoker.<InvokeActionMethodAsync>g__Logged|12_1(ControllerActionInvoker invoker)
   at Microsoft.AspNetCore.Mvc.Infrastructure.ControllerActionInvoker.<InvokeNextActionFilterAsync>g__Awaited|10_0(ControllerActionInvoker invoker, Task lastTask, State next, Scope scope, Object state, Boolean isCompleted)
   at Microsoft.AspNetCore.Mvc.Infrastructure.ControllerActionInvoker.Rethrow(ActionExecutedContextSealed context)
   at Microsoft.AspNetCore.Mvc.Infrastructure.ControllerActionInvoker.Next(State& next, Scope& scope, Object& state, Boolean& isCompleted)
   at Microsoft.AspNetCore.Mvc.Infrastructure.ControllerActionInvoker.InvokeInnerFilterAsync()
--- End of stack trace from previous location where exception was thrown ---
   at Microsoft.AspNetCore.Mvc.Infrastructure.ResourceInvoker.<InvokeFilterPipelineAsync>g__Awaited|19_0(ResourceInvoker invoker, Task lastTask, State next, Scope scope, Object state, Boolean isCompleted)
   at Microsoft.AspNetCore.Mvc.Infrastructure.ResourceInvoker.<InvokeAsync>g__Logged|17_1(ResourceInvoker invoker)
   at Microsoft.AspNetCore.Routing.EndpointMiddleware.<Invoke>g__AwaitRequestTask|6_0(Endpoint endpoint, Task requestTask, ILogger logger)
   at Hellang.Middleware.ProblemDetails.ProblemDetailsMiddleware.Invoke(HttpContext context)
2020-10-16T21:50:57.6528390-05:00 [INF] (Emporos.API.Pharmacy.Program) Starting web host
2020-10-16T21:50:57.7867339-05:00 [INF] (HealthChecks.UI.Core.HostedService.UIInitializationHostedService) Initializing UI Database
2020-10-16T21:50:58.5739186-05:00 [INF] (HealthChecks.UI.Core.HostedService.UIInitializationHostedService) Saving healthchecks configuration to database
2020-10-16T21:51:05.5790016-05:00 [ERR] (Hellang.Middleware.ProblemDetails.ProblemDetailsMiddleware) An unhandled exception has occurred while executing the request.
System.Exception: Input string was not in a correct format.
   at Emporos.API.Pharmacy.Controllers.V1.ItemController.Post(CreateItemRequest request) in C:\Users\EDIAZR\source\repos\EmporosCodeTest\Emporos.API.Pharmacy\Controllers\V1\ItemController.cs:line 63
   at lambda_method(Closure , Object )
   at Microsoft.Extensions.Internal.ObjectMethodExecutorAwaitable.Awaiter.GetResult()
   at Microsoft.AspNetCore.Mvc.Infrastructure.ActionMethodExecutor.AwaitableObjectResultExecutor.Execute(IActionResultTypeMapper mapper, ObjectMethodExecutor executor, Object controller, Object[] arguments)
   at Microsoft.AspNetCore.Mvc.Infrastructure.ControllerActionInvoker.<InvokeActionMethodAsync>g__Logged|12_1(ControllerActionInvoker invoker)
   at Microsoft.AspNetCore.Mvc.Infrastructure.ControllerActionInvoker.<InvokeNextActionFilterAsync>g__Awaited|10_0(ControllerActionInvoker invoker, Task lastTask, State next, Scope scope, Object state, Boolean isCompleted)
   at Microsoft.AspNetCore.Mvc.Infrastructure.ControllerActionInvoker.Rethrow(ActionExecutedContextSealed context)
   at Microsoft.AspNetCore.Mvc.Infrastructure.ControllerActionInvoker.Next(State& next, Scope& scope, Object& state, Boolean& isCompleted)
   at Microsoft.AspNetCore.Mvc.Infrastructure.ControllerActionInvoker.InvokeInnerFilterAsync()
--- End of stack trace from previous location where exception was thrown ---
   at Microsoft.AspNetCore.Mvc.Infrastructure.ResourceInvoker.<InvokeFilterPipelineAsync>g__Awaited|19_0(ResourceInvoker invoker, Task lastTask, State next, Scope scope, Object state, Boolean isCompleted)
   at Microsoft.AspNetCore.Mvc.Infrastructure.ResourceInvoker.<InvokeAsync>g__Logged|17_1(ResourceInvoker invoker)
   at Microsoft.AspNetCore.Routing.EndpointMiddleware.<Invoke>g__AwaitRequestTask|6_0(Endpoint endpoint, Task requestTask, ILogger logger)
   at Hellang.Middleware.ProblemDetails.ProblemDetailsMiddleware.Invoke(HttpContext context)
2020-10-16T21:55:46.2464974-05:00 [INF] (Emporos.API.Pharmacy.Program) Starting web host
2020-10-16T21:55:46.3979993-05:00 [INF] (HealthChecks.UI.Core.HostedService.UIInitializationHostedService) Initializing UI Database
2020-10-16T21:55:47.2731786-05:00 [INF] (HealthChecks.UI.Core.HostedService.UIInitializationHostedService) Saving healthchecks configuration to database
2020-10-16T21:56:03.6048419-05:00 [ERR] (Hellang.Middleware.ProblemDetails.ProblemDetailsMiddleware) An unhandled exception has occurred while executing the request.
System.Exception: Input string was not in a correct format.
   at Emporos.API.Pharmacy.Controllers.V1.ItemController.Post(CreateItemRequest request) in C:\Users\EDIAZR\source\repos\EmporosCodeTest\Emporos.API.Pharmacy\Controllers\V1\ItemController.cs:line 64
   at lambda_method(Closure , Object )
   at Microsoft.Extensions.Internal.ObjectMethodExecutorAwaitable.Awaiter.GetResult()
   at Microsoft.AspNetCore.Mvc.Infrastructure.ActionMethodExecutor.AwaitableObjectResultExecutor.Execute(IActionResultTypeMapper mapper, ObjectMethodExecutor executor, Object controller, Object[] arguments)
   at Microsoft.AspNetCore.Mvc.Infrastructure.ControllerActionInvoker.<InvokeActionMethodAsync>g__Logged|12_1(ControllerActionInvoker invoker)
   at Microsoft.AspNetCore.Mvc.Infrastructure.ControllerActionInvoker.<InvokeNextActionFilterAsync>g__Awaited|10_0(ControllerActionInvoker invoker, Task lastTask, State next, Scope scope, Object state, Boolean isCompleted)
   at Microsoft.AspNetCore.Mvc.Infrastructure.ControllerActionInvoker.Rethrow(ActionExecutedContextSealed context)
   at Microsoft.AspNetCore.Mvc.Infrastructure.ControllerActionInvoker.Next(State& next, Scope& scope, Object& state, Boolean& isCompleted)
   at Microsoft.AspNetCore.Mvc.Infrastructure.ControllerActionInvoker.InvokeInnerFilterAsync()
--- End of stack trace from previous location where exception was thrown ---
   at Microsoft.AspNetCore.Mvc.Infrastructure.ResourceInvoker.<InvokeFilterPipelineAsync>g__Awaited|19_0(ResourceInvoker invoker, Task lastTask, State next, Scope scope, Object state, Boolean isCompleted)
   at Microsoft.AspNetCore.Mvc.Infrastructure.ResourceInvoker.<InvokeAsync>g__Logged|17_1(ResourceInvoker invoker)
   at Microsoft.AspNetCore.Routing.EndpointMiddleware.<Invoke>g__AwaitRequestTask|6_0(Endpoint endpoint, Task requestTask, ILogger logger)
   at Hellang.Middleware.ProblemDetails.ProblemDetailsMiddleware.Invoke(HttpContext context)
2020-10-16T23:10:35.2176410-05:00 [INF] (Emporos.API.Pharmacy.Program) Starting web host
2020-10-16T23:10:35.3621003-05:00 [INF] (HealthChecks.UI.Core.HostedService.UIInitializationHostedService) Initializing UI Database
2020-10-16T23:10:36.1847402-05:00 [INF] (HealthChecks.UI.Core.HostedService.UIInitializationHostedService) Saving healthchecks configuration to database
2020-10-16T23:17:47.6784173-05:00 [INF] (Emporos.API.Pharmacy.Program) Starting web host
2020-10-16T23:17:47.8344621-05:00 [INF] (HealthChecks.UI.Core.HostedService.UIInitializationHostedService) Initializing UI Database
2020-10-16T23:17:48.7308681-05:00 [INF] (HealthChecks.UI.Core.HostedService.UIInitializationHostedService) Saving healthchecks configuration to database
2020-10-16T23:20:00.7441218-05:00 [INF] (Emporos.API.Pharmacy.Program) Starting web host
2020-10-16T23:20:00.8836226-05:00 [INF] (HealthChecks.UI.Core.HostedService.UIInitializationHostedService) Initializing UI Database
2020-10-16T23:20:01.7002481-05:00 [INF] (HealthChecks.UI.Core.HostedService.UIInitializationHostedService) Saving healthchecks configuration to database
2020-10-16T23:20:25.0781724-05:00 [ERR] (Hellang.Middleware.ProblemDetails.ProblemDetailsMiddleware) An unhandled exception has occurred while executing the request.
System.Exception: Pharmacy doesn't exists.
   at Emporos.API.Pharmacy.Controllers.V1.PharmacyInventoryController.Post(CreatePharmacyInventoryRequest request) in C:\Users\EDIAZR\source\repos\EmporosCodeTest\Emporos.API.Pharmacy\Controllers\V1\PharmacyInventoryController.cs:line 67
   at lambda_method(Closure , Object )
   at Microsoft.Extensions.Internal.ObjectMethodExecutorAwaitable.Awaiter.GetResult()
   at Microsoft.AspNetCore.Mvc.Infrastructure.ActionMethodExecutor.AwaitableObjectResultExecutor.Execute(IActionResultTypeMapper mapper, ObjectMethodExecutor executor, Object controller, Object[] arguments)
   at Microsoft.AspNetCore.Mvc.Infrastructure.ControllerActionInvoker.<InvokeActionMethodAsync>g__Logged|12_1(ControllerActionInvoker invoker)
   at Microsoft.AspNetCore.Mvc.Infrastructure.ControllerActionInvoker.<InvokeNextActionFilterAsync>g__Awaited|10_0(ControllerActionInvoker invoker, Task lastTask, State next, Scope scope, Object state, Boolean isCompleted)
   at Microsoft.AspNetCore.Mvc.Infrastructure.ControllerActionInvoker.Rethrow(ActionExecutedContextSealed context)
   at Microsoft.AspNetCore.Mvc.Infrastructure.ControllerActionInvoker.Next(State& next, Scope& scope, Object& state, Boolean& isCompleted)
   at Microsoft.AspNetCore.Mvc.Infrastructure.ControllerActionInvoker.<InvokeInnerFilterAsync>g__Awaited|13_0(ControllerActionInvoker invoker, Task lastTask, State next, Scope scope, Object state, Boolean isCompleted)
   at Microsoft.AspNetCore.Mvc.Infrastructure.ResourceInvoker.<InvokeFilterPipelineAsync>g__Awaited|19_0(ResourceInvoker invoker, Task lastTask, State next, Scope scope, Object state, Boolean isCompleted)
   at Microsoft.AspNetCore.Mvc.Infrastructure.ResourceInvoker.<InvokeAsync>g__Logged|17_1(ResourceInvoker invoker)
   at Microsoft.AspNetCore.Routing.EndpointMiddleware.<Invoke>g__AwaitRequestTask|6_0(Endpoint endpoint, Task requestTask, ILogger logger)
   at Hellang.Middleware.ProblemDetails.ProblemDetailsMiddleware.Invoke(HttpContext context)
2020-10-16T23:23:11.3725460-05:00 [INF] (Emporos.API.Pharmacy.Program) Starting web host
2020-10-16T23:23:11.5265079-05:00 [INF] (HealthChecks.UI.Core.HostedService.UIInitializationHostedService) Initializing UI Database
2020-10-16T23:23:12.3850091-05:00 [INF] (HealthChecks.UI.Core.HostedService.UIInitializationHostedService) Saving healthchecks configuration to database
2020-10-16T23:24:31.2452058-05:00 [INF] (Emporos.API.Pharmacy.Program) Starting web host
2020-10-16T23:24:31.5215131-05:00 [INF] (HealthChecks.UI.Core.HostedService.UIInitializationHostedService) Initializing UI Database
2020-10-16T23:24:32.5124363-05:00 [INF] (HealthChecks.UI.Core.HostedService.UIInitializationHostedService) Saving healthchecks configuration to database
2020-10-16T23:41:37.6763151-05:00 [INF] (Emporos.API.Pharmacy.Program) Starting web host
2020-10-16T23:41:37.8276961-05:00 [INF] (HealthChecks.UI.Core.HostedService.UIInitializationHostedService) Initializing UI Database
2020-10-16T23:41:38.8384047-05:00 [INF] (HealthChecks.UI.Core.HostedService.UIInitializationHostedService) Saving healthchecks configuration to database
2020-10-16T23:42:33.2241666-05:00 [ERR] (Hellang.Middleware.ProblemDetails.ProblemDetailsMiddleware) An unhandled exception has occurred while executing the request.
System.Exception: Item doesn't exists.
   at Emporos.API.Pharmacy.Controllers.V1.PharmacyInventoryController.Put(UpdatePharmacyInventoryRequest request, Int64 id) in C:\Users\EDIAZR\source\repos\EmporosCodeTest\Emporos.API.Pharmacy\Controllers\V1\PharmacyInventoryController.cs:line 117
   at lambda_method(Closure , Object )
   at Microsoft.Extensions.Internal.ObjectMethodExecutorAwaitable.Awaiter.GetResult()
   at Microsoft.AspNetCore.Mvc.Infrastructure.ActionMethodExecutor.AwaitableObjectResultExecutor.Execute(IActionResultTypeMapper mapper, ObjectMethodExecutor executor, Object controller, Object[] arguments)
   at Microsoft.AspNetCore.Mvc.Infrastructure.ControllerActionInvoker.<InvokeActionMethodAsync>g__Logged|12_1(ControllerActionInvoker invoker)
   at Microsoft.AspNetCore.Mvc.Infrastructure.ControllerActionInvoker.<InvokeNextActionFilterAsync>g__Awaited|10_0(ControllerActionInvoker invoker, Task lastTask, State next, Scope scope, Object state, Boolean isCompleted)
   at Microsoft.AspNetCore.Mvc.Infrastructure.ControllerActionInvoker.Rethrow(ActionExecutedContextSealed context)
   at Microsoft.AspNetCore.Mvc.Infrastructure.ControllerActionInvoker.Next(State& next, Scope& scope, Object& state, Boolean& isCompleted)
   at Microsoft.AspNetCore.Mvc.Infrastructure.ControllerActionInvoker.<InvokeInnerFilterAsync>g__Awaited|13_0(ControllerActionInvoker invoker, Task lastTask, State next, Scope scope, Object state, Boolean isCompleted)
   at Microsoft.AspNetCore.Mvc.Infrastructure.ResourceInvoker.<InvokeFilterPipelineAsync>g__Awaited|19_0(ResourceInvoker invoker, Task lastTask, State next, Scope scope, Object state, Boolean isCompleted)
   at Microsoft.AspNetCore.Mvc.Infrastructure.ResourceInvoker.<InvokeAsync>g__Logged|17_1(ResourceInvoker invoker)
   at Microsoft.AspNetCore.Routing.EndpointMiddleware.<Invoke>g__AwaitRequestTask|6_0(Endpoint endpoint, Task requestTask, ILogger logger)
   at Hellang.Middleware.ProblemDetails.ProblemDetailsMiddleware.Invoke(HttpContext context)
2020-10-16T23:42:41.4227059-05:00 [ERR] (Hellang.Middleware.ProblemDetails.ProblemDetailsMiddleware) An unhandled exception has occurred while executing the request.
System.Exception: Pharmacy doesn't exists.
   at Emporos.API.Pharmacy.Controllers.V1.PharmacyInventoryController.Put(UpdatePharmacyInventoryRequest request, Int64 id) in C:\Users\EDIAZR\source\repos\EmporosCodeTest\Emporos.API.Pharmacy\Controllers\V1\PharmacyInventoryController.cs:line 117
   at lambda_method(Closure , Object )
   at Microsoft.Extensions.Internal.ObjectMethodExecutorAwaitable.Awaiter.GetResult()
   at Microsoft.AspNetCore.Mvc.Infrastructure.ActionMethodExecutor.AwaitableObjectResultExecutor.Execute(IActionResultTypeMapper mapper, ObjectMethodExecutor executor, Object controller, Object[] arguments)
   at Microsoft.AspNetCore.Mvc.Infrastructure.ControllerActionInvoker.<InvokeActionMethodAsync>g__Logged|12_1(ControllerActionInvoker invoker)
   at Microsoft.AspNetCore.Mvc.Infrastructure.ControllerActionInvoker.<InvokeNextActionFilterAsync>g__Awaited|10_0(ControllerActionInvoker invoker, Task lastTask, State next, Scope scope, Object state, Boolean isCompleted)
   at Microsoft.AspNetCore.Mvc.Infrastructure.ControllerActionInvoker.Rethrow(ActionExecutedContextSealed context)
   at Microsoft.AspNetCore.Mvc.Infrastructure.ControllerActionInvoker.Next(State& next, Scope& scope, Object& state, Boolean& isCompleted)
   at Microsoft.AspNetCore.Mvc.Infrastructure.ControllerActionInvoker.<InvokeInnerFilterAsync>g__Awaited|13_0(ControllerActionInvoker invoker, Task lastTask, State next, Scope scope, Object state, Boolean isCompleted)
   at Microsoft.AspNetCore.Mvc.Infrastructure.ResourceInvoker.<InvokeFilterPipelineAsync>g__Awaited|19_0(ResourceInvoker invoker, Task lastTask, State next, Scope scope, Object state, Boolean isCompleted)
   at Microsoft.AspNetCore.Mvc.Infrastructure.ResourceInvoker.<InvokeAsync>g__Logged|17_1(ResourceInvoker invoker)
   at Microsoft.AspNetCore.Routing.EndpointMiddleware.<Invoke>g__AwaitRequestTask|6_0(Endpoint endpoint, Task requestTask, ILogger logger)
   at Hellang.Middleware.ProblemDetails.ProblemDetailsMiddleware.Invoke(HttpContext context)
2020-10-16T23:43:06.1517377-05:00 [ERR] (Hellang.Middleware.ProblemDetails.ProblemDetailsMiddleware) An unhandled exception has occurred while executing the request.
System.Exception: Missing type map configuration or unsupported mapping.

Mapping types:
Object -> PharmacyInventoryTable
System.Object -> Emporos.API.Pharmacy.Infraestructure.DataModel.PharmacyInventoryTable
   at Emporos.API.Pharmacy.Controllers.V1.PharmacyInventoryController.Put(UpdatePharmacyInventoryRequest request, Int64 id) in C:\Users\EDIAZR\source\repos\EmporosCodeTest\Emporos.API.Pharmacy\Controllers\V1\PharmacyInventoryController.cs:line 117
   at lambda_method(Closure , Object )
   at Microsoft.Extensions.Internal.ObjectMethodExecutorAwaitable.Awaiter.GetResult()
   at Microsoft.AspNetCore.Mvc.Infrastructure.ActionMethodExecutor.AwaitableObjectResultExecutor.Execute(IActionResultTypeMapper mapper, ObjectMethodExecutor executor, Object controller, Object[] arguments)
   at Microsoft.AspNetCore.Mvc.Infrastructure.ControllerActionInvoker.<InvokeActionMethodAsync>g__Logged|12_1(ControllerActionInvoker invoker)
   at Microsoft.AspNetCore.Mvc.Infrastructure.ControllerActionInvoker.<InvokeNextActionFilterAsync>g__Awaited|10_0(ControllerActionInvoker invoker, Task lastTask, State next, Scope scope, Object state, Boolean isCompleted)
   at Microsoft.AspNetCore.Mvc.Infrastructure.ControllerActionInvoker.Rethrow(ActionExecutedContextSealed context)
   at Microsoft.AspNetCore.Mvc.Infrastructure.ControllerActionInvoker.Next(State& next, Scope& scope, Object& state, Boolean& isCompleted)
   at Microsoft.AspNetCore.Mvc.Infrastructure.ControllerActionInvoker.<InvokeInnerFilterAsync>g__Awaited|13_0(ControllerActionInvoker invoker, Task lastTask, State next, Scope scope, Object state, Boolean isCompleted)
   at Microsoft.AspNetCore.Mvc.Infrastructure.ResourceInvoker.<InvokeFilterPipelineAsync>g__Awaited|19_0(ResourceInvoker invoker, Task lastTask, State next, Scope scope, Object state, Boolean isCompleted)
   at Microsoft.AspNetCore.Mvc.Infrastructure.ResourceInvoker.<InvokeAsync>g__Logged|17_1(ResourceInvoker invoker)
   at Microsoft.AspNetCore.Routing.EndpointMiddleware.<Invoke>g__AwaitRequestTask|6_0(Endpoint endpoint, Task requestTask, ILogger logger)
   at Hellang.Middleware.ProblemDetails.ProblemDetailsMiddleware.Invoke(HttpContext context)
2020-10-16T23:44:45.6311318-05:00 [INF] (Emporos.API.Pharmacy.Program) Starting web host
2020-10-16T23:44:45.7647219-05:00 [INF] (HealthChecks.UI.Core.HostedService.UIInitializationHostedService) Initializing UI Database
2020-10-16T23:44:46.5783116-05:00 [INF] (HealthChecks.UI.Core.HostedService.UIInitializationHostedService) Saving healthchecks configuration to database
2020-10-16T23:47:00.4212313-05:00 [INF] (Emporos.API.Pharmacy.Program) Starting web host
2020-10-16T23:47:00.6346584-05:00 [INF] (HealthChecks.UI.Core.HostedService.UIInitializationHostedService) Initializing UI Database
2020-10-16T23:47:01.9416745-05:00 [INF] (HealthChecks.UI.Core.HostedService.UIInitializationHostedService) Saving healthchecks configuration to database
