2020-10-14T22:27:34.4818790-05:00 [INF] (Emporos.API.Auth.Program) Starting web host
2020-10-14T22:28:38.2103992-05:00 [INF] (Emporos.API.Auth.Program) Starting web host
2020-10-14T22:29:22.7947466-05:00 [INF] (Emporos.API.Auth.Program) Starting web host
2020-10-14T22:36:45.7201816-05:00 [INF] (Emporos.API.Auth.Program) Starting web host
2020-10-14T22:36:47.5152791-05:00 [ERR] (Microsoft.AspNetCore.Diagnostics.DeveloperExceptionPageMiddleware) An unhandled exception has occurred while executing the request.
System.InvalidOperationException: Unable to resolve service for type 'Swashbuckle.AspNetCore.Swagger.ISwaggerProvider' while attempting to Invoke middleware 'Swashbuckle.AspNetCore.Swagger.SwaggerMiddleware'.
   at Microsoft.AspNetCore.Builder.UseMiddlewareExtensions.GetService(IServiceProvider sp, Type type, Type middleware)
   at lambda_method(Closure , Object , HttpContext , IServiceProvider )
   at Microsoft.AspNetCore.Builder.UseMiddlewareExtensions.<>c__DisplayClass4_1.<UseMiddleware>b__2(HttpContext context)
   at Microsoft.AspNetCore.HttpsPolicy.HttpsRedirectionMiddleware.Invoke(HttpContext context)
   at Microsoft.AspNetCore.Diagnostics.DeveloperExceptionPageMiddleware.Invoke(HttpContext context)
2020-10-14T22:36:48.1444568-05:00 [ERR] (Microsoft.AspNetCore.Diagnostics.DeveloperExceptionPageMiddleware) An unhandled exception has occurred while executing the request.
System.InvalidOperationException: Unable to resolve service for type 'Swashbuckle.AspNetCore.Swagger.ISwaggerProvider' while attempting to Invoke middleware 'Swashbuckle.AspNetCore.Swagger.SwaggerMiddleware'.
   at Microsoft.AspNetCore.Builder.UseMiddlewareExtensions.GetService(IServiceProvider sp, Type type, Type middleware)
   at lambda_method(Closure , Object , HttpContext , IServiceProvider )
   at Microsoft.AspNetCore.Builder.UseMiddlewareExtensions.<>c__DisplayClass4_1.<UseMiddleware>b__2(HttpContext context)
   at Microsoft.AspNetCore.HttpsPolicy.HttpsRedirectionMiddleware.Invoke(HttpContext context)
   at Microsoft.AspNetCore.Diagnostics.DeveloperExceptionPageMiddleware.Invoke(HttpContext context)
2020-10-14T23:20:16.0340214-05:00 [INF] (Emporos.API.Auth.Program) Starting web host
2020-10-14T23:26:54.0411652-05:00 [INF] (Emporos.API.Auth.Program) Starting web host
2020-10-14T23:29:11.0565128-05:00 [INF] (Emporos.API.Auth.Program) Starting web host
2020-10-14T23:29:48.2835139-05:00 [INF] (Emporos.API.Auth.Program) Starting web host
2020-10-14T23:31:50.3430536-05:00 [INF] (Emporos.API.Auth.Program) Starting web host
2020-10-14T23:36:27.0732977-05:00 [INF] (Emporos.API.Auth.Program) Starting web host
2020-10-14T23:48:23.5222442-05:00 [INF] (Emporos.API.Auth.Program) Starting web host
2020-10-14T23:53:00.0675690-05:00 [INF] (Emporos.API.Auth.Program) Starting web host
2020-10-14T23:54:14.4275966-05:00 [INF] (Emporos.API.Auth.Program) Starting web host
2020-10-14T23:55:00.2169939-05:00 [INF] (Emporos.API.Auth.Program) Starting web host
2020-10-14T23:56:39.9725093-05:00 [INF] (Emporos.API.Auth.Program) Starting web host
